;  LST file generated by mikroListExporter - v.2.0 
; Date/Time: 4/28/2017 2:06:54 PM
;----------------------------------------------

;Address Opcode 	ASM
0x0000	0xF005EF01  	GOTO        2562
0x0004	0x0000      	NOP
0x0006	0x0000      	NOP
0x0008	0xF000EF00  	GOTO        0
0x000C	0x0000      	NOP
0x000E	0x0000      	NOP
0x0010	0x0000      	NOP
0x0012	0x0000      	NOP
0x0014	0x0000      	NOP
0x0016	0x0000      	NOP
0x0018	0xD7F3      	BRA         0
_FIXSIGN32:
;__Lib_MathDouble.c,117 :: 		
;__Lib_MathDouble.c,121 :: 		
0x001C	0xAE0A      	BTFSS       R10, 7, 0
;__Lib_MathDouble.c,122 :: 		
0x001E	0x9E02      	BCF         R2, 7, 0
;__Lib_MathDouble.c,123 :: 		
0x0020	0x0E00      	MOVLW       0
;__Lib_MathDouble.c,125 :: 		
L_end_FIXSIGN32:
0x0022	0x0012      	RETURN      0
; end of _FIXSIGN32
_SETFUN32:
;__Lib_MathDouble.c,144 :: 		
;__Lib_MathDouble.c,152 :: 		
0x0024	0x840B      	BSF         R11, 2, 0
;__Lib_MathDouble.c,153 :: 		
0x0026	0xAE0B      	BTFSS       R11, 7, 0
;__Lib_MathDouble.c,154 :: 		
0x0028	0xF000EF1D  	GOTO        SETFUN32EEE
;__Lib_MathDouble.c,156 :: 		
0x002C	0x0E01      	MOVLW       1
;__Lib_MathDouble.c,157 :: 		
0x002E	0x6E03      	MOVWF       R3, 0
;__Lib_MathDouble.c,158 :: 		
0x0030	0x6A02      	CLRF        R2, 0
;__Lib_MathDouble.c,159 :: 		
0x0032	0x6A01      	CLRF        R1, 0
;__Lib_MathDouble.c,160 :: 		
0x0034	0x6A00      	CLRF        R0, 0
;__Lib_MathDouble.c,161 :: 		
0x0036	0x360A      	RLCF        R10, 1, 0
;__Lib_MathDouble.c,162 :: 		
0x0038	0x3202      	RRCF        R2, 1, 0
;__Lib_MathDouble.c,163 :: 		
SETFUN32EEE:
;__Lib_MathDouble.c,164 :: 		
0x003A	0x0EFF      	MOVLW       255
;__Lib_MathDouble.c,166 :: 		
L_end_SETFUN32:
0x003C	0x0012      	RETURN      0
; end of _SETFUN32
_RES032:
;__Lib_MathDouble.c,128 :: 		
;__Lib_MathDouble.c,134 :: 		
0x003E	0x6A02      	CLRF        R2, 0
;__Lib_MathDouble.c,135 :: 		
0x0040	0x6A01      	CLRF        R1, 0
;__Lib_MathDouble.c,136 :: 		
0x0042	0x6A00      	CLRF        R0, 0
;__Lib_MathDouble.c,137 :: 		
0x0044	0x6A08      	CLRF        R8, 0
;__Lib_MathDouble.c,138 :: 		
0x0046	0x6A03      	CLRF        R3, 0
;__Lib_MathDouble.c,139 :: 		
0x0048	0x0E00      	MOVLW       0
;__Lib_MathDouble.c,141 :: 		
L_end_RES032:
0x004A	0x0012      	RETURN      0
; end of _RES032
_Div_16x16_S_L:
;__Lib_Math.c,139 :: 		
;__Lib_Math.c,146 :: 		
0x004C	0x3401      	RLCF        R1, 0, 0
;__Lib_Math.c,147 :: 		
0x004E	0x3608      	RLCF        R8, 1, 0
;__Lib_Math.c,148 :: 		
0x0050	0x3609      	RLCF        R9, 1, 0
;__Lib_Math.c,149 :: 		
0x0052	0x5004      	MOVF        R4, 0, 0
;__Lib_Math.c,150 :: 		
0x0054	0x5E08      	SUBWF       R8, 1, 0
;__Lib_Math.c,151 :: 		
0x0056	0x5005      	MOVF        R5, 0, 0
;__Lib_Math.c,152 :: 		
0x0058	0xA0D8      	BTFSS       STATUS, 0, 0
;__Lib_Math.c,153 :: 		
0x005A	0x3C05      	INCFSZ      R5, 0, 0
;__Lib_Math.c,154 :: 		
0x005C	0x5E09      	SUBWF       R9, 1, 0
;__Lib_Math.c,155 :: 		
0x005E	0x3600      	RLCF        R0, 1, 0
;__Lib_Math.c,156 :: 		
0x0060	0x3601      	RLCF        R1, 1, 0
;__Lib_Math.c,158 :: 		
0x0062	0x0E0F      	MOVLW       15
;__Lib_Math.c,159 :: 		
0x0064	0x6E0C      	MOVWF       R12, 0
;__Lib_Math.c,161 :: 		
0x0066	0x3401      	RLCF        R1, 0, 0
;__Lib_Math.c,162 :: 		
0x0068	0x3608      	RLCF        R8, 1, 0
;__Lib_Math.c,163 :: 		
0x006A	0x3609      	RLCF        R9, 1, 0
;__Lib_Math.c,164 :: 		
0x006C	0x5004      	MOVF        R4, 0, 0
;__Lib_Math.c,166 :: 		
0x006E	0xA000      	BTFSS       R0, 0, 0
;__Lib_Math.c,167 :: 		
0x0070	0xD006      	BRA         $+14
;__Lib_Math.c,168 :: 		
0x0072	0x5E08      	SUBWF       R8, 1, 0
;__Lib_Math.c,169 :: 		
0x0074	0x5005      	MOVF        R5, 0, 0
;__Lib_Math.c,170 :: 		
0x0076	0xA0D8      	BTFSS       STATUS, 0, 0
;__Lib_Math.c,171 :: 		
0x0078	0x3C05      	INCFSZ      R5, 0, 0
;__Lib_Math.c,172 :: 		
0x007A	0x5E09      	SUBWF       R9, 1, 0
;__Lib_Math.c,173 :: 		
0x007C	0xD005      	BRA         $+12
;__Lib_Math.c,175 :: 		
0x007E	0x2608      	ADDWF       R8, 1, 0
;__Lib_Math.c,176 :: 		
0x0080	0x5005      	MOVF        R5, 0, 0
;__Lib_Math.c,177 :: 		
0x0082	0xB0D8      	BTFSC       STATUS, 0, 0
;__Lib_Math.c,178 :: 		
0x0084	0x3C05      	INCFSZ      R5, 0, 0
;__Lib_Math.c,179 :: 		
0x0086	0x2609      	ADDWF       R9, 1, 0
;__Lib_Math.c,181 :: 		
0x0088	0x3600      	RLCF        R0, 1, 0
;__Lib_Math.c,182 :: 		
0x008A	0x3601      	RLCF        R1, 1, 0
;__Lib_Math.c,184 :: 		
0x008C	0x2E0C      	DECFSZ      R12, 1, 0
;__Lib_Math.c,185 :: 		
0x008E	0xD7EB      	BRA         $-40
;__Lib_Math.c,187 :: 		
0x0090	0xB000      	BTFSC       R0, 0, 0
;__Lib_Math.c,188 :: 		
0x0092	0xD006      	BRA         $+14
;__Lib_Math.c,189 :: 		
0x0094	0x5004      	MOVF        R4, 0, 0
;__Lib_Math.c,190 :: 		
0x0096	0x2608      	ADDWF       R8, 1, 0
;__Lib_Math.c,191 :: 		
0x0098	0x5005      	MOVF        R5, 0, 0
;__Lib_Math.c,192 :: 		
0x009A	0xB0D8      	BTFSC       STATUS, 0, 0
;__Lib_Math.c,193 :: 		
0x009C	0x3C05      	INCFSZ      R5, 0, 0
;__Lib_Math.c,194 :: 		
0x009E	0x2609      	ADDWF       R9, 1, 0
;__Lib_Math.c,195 :: 		
0x00A0	0x0000      	NOP
;__Lib_Math.c,197 :: 		
L_end_Div_16x16_S_L:
0x00A2	0x0012      	RETURN      0
; end of _Div_16x16_S_L
_SETFOV32:
;__Lib_MathDouble.c,82 :: 		
;__Lib_MathDouble.c,90 :: 		
0x00A4	0x820B      	BSF         R11, 1, 0
;__Lib_MathDouble.c,91 :: 		
0x00A6	0xAE0B      	BTFSS       R11, 7, 0
;__Lib_MathDouble.c,92 :: 		
0x00A8	0xF000EF5C  	GOTO        SETFOV32EEE
;__Lib_MathDouble.c,94 :: 		
0x00AC	0x6803      	SETF        R3, 0
;__Lib_MathDouble.c,95 :: 		
0x00AE	0x6802      	SETF        R2, 0
;__Lib_MathDouble.c,96 :: 		
0x00B0	0x6801      	SETF        R1, 0
;__Lib_MathDouble.c,97 :: 		
0x00B2	0x6800      	SETF        R0, 0
;__Lib_MathDouble.c,98 :: 		
0x00B4	0x360A      	RLCF        R10, 1, 0
;__Lib_MathDouble.c,99 :: 		
0x00B6	0x3202      	RRCF        R2, 1, 0
;__Lib_MathDouble.c,100 :: 		
SETFOV32EEE:
;__Lib_MathDouble.c,101 :: 		
0x00B8	0x0EFF      	MOVLW       255
;__Lib_MathDouble.c,103 :: 		
L_end_SETFOV32:
0x00BA	0x0012      	RETURN      0
; end of _SETFOV32
_NRM3232:
;__Lib_MathDouble.c,455 :: 		
;__Lib_MathDouble.c,463 :: 		
0x00BC	0x6A0C      	CLRF        R12, 0
;__Lib_MathDouble.c,464 :: 		
0x00BE	0x6A0E      	CLRF        R14, 0
;__Lib_MathDouble.c,465 :: 		
0x00C0	0x5002      	MOVF        R2, 0, 0
;__Lib_MathDouble.c,466 :: 		
0x00C2	0xA4D8      	BTFSS       STATUS, 2, 0
;__Lib_MathDouble.c,467 :: 		
0x00C4	0xF000EF77  	GOTO        NORM3232
;__Lib_MathDouble.c,468 :: 		
0x00C8	0xF002C001  	MOVFF       R1, R2
;__Lib_MathDouble.c,469 :: 		
0x00CC	0xF001C000  	MOVFF       R0, R1
;__Lib_MathDouble.c,470 :: 		
0x00D0	0x6A00      	CLRF        R0, 0
;__Lib_MathDouble.c,471 :: 		
0x00D2	0x860E      	BSF         R14, 3, 0
;__Lib_MathDouble.c,473 :: 		
0x00D4	0x5002      	MOVF        R2, 0, 0
;__Lib_MathDouble.c,474 :: 		
0x00D6	0xA4D8      	BTFSS       STATUS, 2, 0
;__Lib_MathDouble.c,475 :: 		
0x00D8	0xF000EF77  	GOTO        NORM3232
;__Lib_MathDouble.c,476 :: 		
0x00DC	0xF002C001  	MOVFF       R1, R2
;__Lib_MathDouble.c,477 :: 		
0x00E0	0x6A01      	CLRF        R1, 0
;__Lib_MathDouble.c,478 :: 		
0x00E2	0x960E      	BCF         R14, 3, 0
;__Lib_MathDouble.c,479 :: 		
0x00E4	0x880E      	BSF         R14, 4, 0
;__Lib_MathDouble.c,481 :: 		
0x00E6	0x5002      	MOVF        R2, 0, 0
;__Lib_MathDouble.c,482 :: 		
0x00E8	0xB4D8      	BTFSC       STATUS, 2, 0
;__Lib_MathDouble.c,483 :: 		
0x00EA	0xF000EF89  	GOTO        JPNRES032
;__Lib_MathDouble.c,484 :: 		
NORM3232:
;__Lib_MathDouble.c,485 :: 		
0x00EE	0x500E      	MOVF        R14, 0, 0
;__Lib_MathDouble.c,486 :: 		
0x00F0	0x5E03      	SUBWF       R3, 1, 0
;__Lib_MathDouble.c,487 :: 		
0x00F2	0xA4D8      	BTFSS       STATUS, 2, 0
;__Lib_MathDouble.c,488 :: 		
0x00F4	0xA0D8      	BTFSS       STATUS, 0, 0
;__Lib_MathDouble.c,489 :: 		
0x00F6	0xF000EF8E  	GOTO        JPNSETFUN32
;__Lib_MathDouble.c,490 :: 		
0x00FA	0x90D8      	BCF         STATUS, 0, 0
;__Lib_MathDouble.c,491 :: 		
NORM3232A:
;__Lib_MathDouble.c,492 :: 		
0x00FC	0xBE02      	BTFSC       R2, 7, 0
;__Lib_MathDouble.c,493 :: 		
0x00FE	0xF000EF93  	GOTO        JMPNFIXSIGN32
;__Lib_MathDouble.c,494 :: 		
0x0102	0x3600      	RLCF        R0, 1, 0
;__Lib_MathDouble.c,495 :: 		
0x0104	0x3601      	RLCF        R1, 1, 0
;__Lib_MathDouble.c,496 :: 		
0x0106	0x3602      	RLCF        R2, 1, 0
;__Lib_MathDouble.c,497 :: 		
0x0108	0x2E03      	DECFSZ      R3, 1, 0
;__Lib_MathDouble.c,498 :: 		
0x010A	0xF000EF7E  	GOTO        NORM3232A
;__Lib_MathDouble.c,499 :: 		
0x010E	0xF000EF8E  	GOTO        JPNSETFUN32
;__Lib_MathDouble.c,500 :: 		
JPNRES032:
;__Lib_MathDouble.c,501 :: 		
0x0112	0x0E01      	MOVLW       1
;__Lib_MathDouble.c,502 :: 		
0x0114	0x6E0C      	MOVWF       R12, 0
;__Lib_MathDouble.c,504 :: 		
0x0116	0xDF93      	RCALL       _RES032
;__Lib_MathDouble.c,506 :: 		
0x0118	0xF000EF96  	GOTO        NORM32EEE
;__Lib_MathDouble.c,507 :: 		
JPNSETFUN32:
;__Lib_MathDouble.c,508 :: 		
0x011C	0x0E02      	MOVLW       2
;__Lib_MathDouble.c,509 :: 		
0x011E	0x6E0C      	MOVWF       R12, 0
;__Lib_MathDouble.c,511 :: 		
0x0120	0xDF81      	RCALL       _SETFUN32
;__Lib_MathDouble.c,513 :: 		
0x0122	0xF000EF96  	GOTO        NORM32EEE
;__Lib_MathDouble.c,514 :: 		
JMPNFIXSIGN32:
;__Lib_MathDouble.c,515 :: 		
0x0126	0x0E04      	MOVLW       4
;__Lib_MathDouble.c,516 :: 		
0x0128	0x6E0C      	MOVWF       R12, 0
;__Lib_MathDouble.c,518 :: 		
0x012A	0xDF78      	RCALL       _FIXSIGN32
;__Lib_MathDouble.c,520 :: 		
NORM32EEE:
;__Lib_MathDouble.c,527 :: 		
L_end_NRM3232:
0x012C	0x0012      	RETURN      0
; end of _NRM3232
_SETIOV3224:
;__Lib_MathDouble.c,530 :: 		
;__Lib_MathDouble.c,537 :: 		
0x012E	0x800B      	BSF         R11, 0, 0
;__Lib_MathDouble.c,538 :: 		
0x0130	0xAE0B      	BTFSS       R11, 7, 0
;__Lib_MathDouble.c,539 :: 		
0x0132	0xF000EFA3  	GOTO        SETIOV3224EEE
;__Lib_MathDouble.c,541 :: 		
0x0136	0x6A02      	CLRF        R2, 0
;__Lib_MathDouble.c,542 :: 		
0x0138	0xAE0A      	BTFSS       R10, 7, 0
;__Lib_MathDouble.c,543 :: 		
0x013A	0x0EFF      	MOVLW       255
;__Lib_MathDouble.c,544 :: 		
0x013C	0x6E02      	MOVWF       R2, 0
;__Lib_MathDouble.c,545 :: 		
0x013E	0x6E01      	MOVWF       R1, 0
;__Lib_MathDouble.c,546 :: 		
0x0140	0x6E00      	MOVWF       R0, 0
;__Lib_MathDouble.c,547 :: 		
0x0142	0x360A      	RLCF        R10, 1, 0
;__Lib_MathDouble.c,548 :: 		
0x0144	0x3202      	RRCF        R2, 1, 0
;__Lib_MathDouble.c,549 :: 		
SETIOV3224EEE:
;__Lib_MathDouble.c,550 :: 		
0x0146	0x0EFF      	MOVLW       255
;__Lib_MathDouble.c,552 :: 		
L_end_SETIOV3224:
0x0148	0x0012      	RETURN      0
; end of _SETIOV3224
_Delay_22us:
;__Lib_Delays.c,15 :: 		void Delay_22us() {
;__Lib_Delays.c,16 :: 		Delay_us(22);
0x014A	0x0E1D      	MOVLW       29
0x014C	0x6E0D      	MOVWF       R13, 0
L_Delay_22us1:
0x014E	0x2E0D      	DECFSZ      R13, 1, 0
0x0150	0xD7FE      	BRA         L_Delay_22us1
;__Lib_Delays.c,17 :: 		}
L_end_Delay_22us:
0x0152	0x0012      	RETURN      0
; end of _Delay_22us
_Mul_32x32_FP:
;__Lib_MathDouble.c,1130 :: 		
;__Lib_MathDouble.c,1148 :: 		
0x0154	0x6A08      	CLRF        R8, 0
;__Lib_MathDouble.c,1149 :: 		
0x0156	0x6A09      	CLRF        R9, 0
;__Lib_MathDouble.c,1151 :: 		
0x0158	0x0E00      	MOVLW       0
;__Lib_MathDouble.c,1152 :: 		
0x015A	0x6207      	CPFSEQ      R7, 0
;__Lib_MathDouble.c,1153 :: 		
0x015C	0x6403      	CPFSGT      R3, 0
;__Lib_MathDouble.c,1154 :: 		
0x015E	0xF001EF2F  	GOTO        MULJPRES032
;__Lib_MathDouble.c,1157 :: 		
0x0162	0x5002      	MOVF        R2, 0, 0
;__Lib_MathDouble.c,1158 :: 		
0x0164	0x1806      	XORWF       R6, 0, 0
;__Lib_MathDouble.c,1159 :: 		
0x0166	0x6E0A      	MOVWF       R10, 0
;__Lib_MathDouble.c,1161 :: 		
0x0168	0x5007      	MOVF        R7, 0, 0
;__Lib_MathDouble.c,1162 :: 		
0x016A	0x2603      	ADDWF       R3, 1, 0
;__Lib_MathDouble.c,1163 :: 		
0x016C	0x0E7E      	MOVLW       126
;__Lib_MathDouble.c,1164 :: 		
0x016E	0xA0D8      	BTFSS       STATUS, 0, 0
;__Lib_MathDouble.c,1165 :: 		
0x0170	0xF000EFC0  	GOTO        MTUN32
;__Lib_MathDouble.c,1167 :: 		
0x0174	0x5E03      	SUBWF       R3, 1, 0
;__Lib_MathDouble.c,1168 :: 		
0x0176	0xB0D8      	BTFSC       STATUS, 0, 0
;__Lib_MathDouble.c,1169 :: 		
0x0178	0xF001EF33  	GOTO        MULJPSETFOV32
;__Lib_MathDouble.c,1170 :: 		
0x017C	0xF000EFC4  	GOTO        MOK32
;__Lib_MathDouble.c,1172 :: 		
MTUN32:
;__Lib_MathDouble.c,1173 :: 		
0x0180	0x5E03      	SUBWF       R3, 1, 0
;__Lib_MathDouble.c,1174 :: 		
0x0182	0xA0D8      	BTFSS       STATUS, 0, 0
;__Lib_MathDouble.c,1175 :: 		
0x0184	0xF001EF37  	GOTO        MULJPSETFUN32
;__Lib_MathDouble.c,1177 :: 		
MOK32:
;__Lib_MathDouble.c,1178 :: 		
0x0188	0x8E02      	BSF         R2, 7, 0
;__Lib_MathDouble.c,1179 :: 		
0x018A	0x8E06      	BSF         R6, 7, 0
;__Lib_MathDouble.c,1181 :: 		
0x018C	0xF00EC002  	MOVFF       R2, R14
;__Lib_MathDouble.c,1182 :: 		
0x0190	0xF00BC001  	MOVFF       R1, R11
;__Lib_MathDouble.c,1183 :: 		
0x0194	0xF00DC000  	MOVFF       R0, R13
;__Lib_MathDouble.c,1185 :: 		
0x0198	0x5000      	MOVF        R0, 0, 0
;__Lib_MathDouble.c,1186 :: 		
0x019A	0x0204      	MULWF       R4, 0
;__Lib_MathDouble.c,1187 :: 		
0x019C	0xF00CCFF4  	MOVFF       PRODH, R12
;__Lib_MathDouble.c,1189 :: 		
0x01A0	0x5001      	MOVF        R1, 0, 0
;__Lib_MathDouble.c,1190 :: 		
0x01A2	0x0205      	MULWF       R5, 0
;__Lib_MathDouble.c,1191 :: 		
0x01A4	0xF000CFF4  	MOVFF       PRODH, R0
;__Lib_MathDouble.c,1192 :: 		
0x01A8	0xF008CFF3  	MOVFF       PRODL, R8
;__Lib_MathDouble.c,1194 :: 		
0x01AC	0x0204      	MULWF       R4, 0
;__Lib_MathDouble.c,1195 :: 		
0x01AE	0x50F3      	MOVF        PRODL, 0, 0
;__Lib_MathDouble.c,1196 :: 		
0x01B0	0x260C      	ADDWF       R12, 1, 0
;__Lib_MathDouble.c,1197 :: 		
0x01B2	0x50F4      	MOVF        PRODH, 0, 0
;__Lib_MathDouble.c,1198 :: 		
0x01B4	0x2208      	ADDWFC      R8, 1, 0
;__Lib_MathDouble.c,1199 :: 		
0x01B6	0x0E00      	MOVLW       0
;__Lib_MathDouble.c,1200 :: 		
0x01B8	0x2200      	ADDWFC      R0, 1, 0
;__Lib_MathDouble.c,1202 :: 		
0x01BA	0x500D      	MOVF        R13, 0, 0
;__Lib_MathDouble.c,1203 :: 		
0x01BC	0x0205      	MULWF       R5, 0
;__Lib_MathDouble.c,1204 :: 		
0x01BE	0x50F3      	MOVF        PRODL, 0, 0
;__Lib_MathDouble.c,1205 :: 		
0x01C0	0x260C      	ADDWF       R12, 1, 0
;__Lib_MathDouble.c,1206 :: 		
0x01C2	0x50F4      	MOVF        PRODH, 0, 0
;__Lib_MathDouble.c,1207 :: 		
0x01C4	0x2208      	ADDWFC      R8, 1, 0
;__Lib_MathDouble.c,1208 :: 		
0x01C6	0x0E00      	MOVLW       0
;__Lib_MathDouble.c,1209 :: 		
0x01C8	0x2200      	ADDWFC      R0, 1, 0
;__Lib_MathDouble.c,1211 :: 		
0x01CA	0x5002      	MOVF        R2, 0, 0
;__Lib_MathDouble.c,1212 :: 		
0x01CC	0x0204      	MULWF       R4, 0
;__Lib_MathDouble.c,1213 :: 		
0x01CE	0x50F3      	MOVF        PRODL, 0, 0
;__Lib_MathDouble.c,1214 :: 		
0x01D0	0x2608      	ADDWF       R8, 1, 0
;__Lib_MathDouble.c,1215 :: 		
0x01D2	0x50F4      	MOVF        PRODH, 0, 0
;__Lib_MathDouble.c,1216 :: 		
0x01D4	0x2200      	ADDWFC      R0, 1, 0
;__Lib_MathDouble.c,1217 :: 		
0x01D6	0x5002      	MOVF        R2, 0, 0
;__Lib_MathDouble.c,1218 :: 		
0x01D8	0x0205      	MULWF       R5, 0
;__Lib_MathDouble.c,1219 :: 		
0x01DA	0x6A01      	CLRF        R1, 0
;__Lib_MathDouble.c,1220 :: 		
0x01DC	0x0E00      	MOVLW       0
;__Lib_MathDouble.c,1221 :: 		
0x01DE	0x2201      	ADDWFC      R1, 1, 0
;__Lib_MathDouble.c,1222 :: 		
0x01E0	0x50F3      	MOVF        PRODL, 0, 0
;__Lib_MathDouble.c,1223 :: 		
0x01E2	0x2600      	ADDWF       R0, 1, 0
;__Lib_MathDouble.c,1224 :: 		
0x01E4	0x50F4      	MOVF        PRODH, 0, 0
;__Lib_MathDouble.c,1225 :: 		
0x01E6	0x2201      	ADDWFC      R1, 1, 0
;__Lib_MathDouble.c,1227 :: 		
0x01E8	0x500D      	MOVF        R13, 0, 0
;__Lib_MathDouble.c,1228 :: 		
0x01EA	0x0206      	MULWF       R6, 0
;__Lib_MathDouble.c,1229 :: 		
0x01EC	0x50F3      	MOVF        PRODL, 0, 0
;__Lib_MathDouble.c,1230 :: 		
0x01EE	0x2608      	ADDWF       R8, 1, 0
;__Lib_MathDouble.c,1231 :: 		
0x01F0	0x50F4      	MOVF        PRODH, 0, 0
;__Lib_MathDouble.c,1232 :: 		
0x01F2	0x2200      	ADDWFC      R0, 1, 0
;__Lib_MathDouble.c,1233 :: 		
0x01F4	0x6A02      	CLRF        R2, 0
;__Lib_MathDouble.c,1234 :: 		
0x01F6	0x0E00      	MOVLW       0
;__Lib_MathDouble.c,1235 :: 		
0x01F8	0x2201      	ADDWFC      R1, 1, 0
;__Lib_MathDouble.c,1236 :: 		
0x01FA	0x2202      	ADDWFC      R2, 1, 0
;__Lib_MathDouble.c,1238 :: 		
0x01FC	0x500B      	MOVF        R11, 0, 0
;__Lib_MathDouble.c,1239 :: 		
0x01FE	0x0206      	MULWF       R6, 0
;__Lib_MathDouble.c,1240 :: 		
0x0200	0x50F3      	MOVF        PRODL, 0, 0
;__Lib_MathDouble.c,1241 :: 		
0x0202	0x2600      	ADDWF       R0, 1, 0
;__Lib_MathDouble.c,1242 :: 		
0x0204	0x50F4      	MOVF        PRODH, 0, 0
;__Lib_MathDouble.c,1243 :: 		
0x0206	0x2201      	ADDWFC      R1, 1, 0
;__Lib_MathDouble.c,1244 :: 		
0x0208	0x0E00      	MOVLW       0
;__Lib_MathDouble.c,1245 :: 		
0x020A	0x2202      	ADDWFC      R2, 1, 0
;__Lib_MathDouble.c,1247 :: 		
0x020C	0x500E      	MOVF        R14, 0, 0
;__Lib_MathDouble.c,1248 :: 		
0x020E	0x0206      	MULWF       R6, 0
;__Lib_MathDouble.c,1249 :: 		
0x0210	0x50F3      	MOVF        PRODL, 0, 0
;__Lib_MathDouble.c,1250 :: 		
0x0212	0x2601      	ADDWF       R1, 1, 0
;__Lib_MathDouble.c,1251 :: 		
0x0214	0x50F4      	MOVF        PRODH, 0, 0
;__Lib_MathDouble.c,1252 :: 		
0x0216	0x2202      	ADDWFC      R2, 1, 0
;__Lib_MathDouble.c,1254 :: 		
0x0218	0xBE02      	BTFSC       R2, 7, 0
;__Lib_MathDouble.c,1255 :: 		
0x021A	0xF001EF17  	GOTO        MROUND32
;__Lib_MathDouble.c,1256 :: 		
0x021E	0x3608      	RLCF        R8, 1, 0
;__Lib_MathDouble.c,1257 :: 		
0x0220	0x3600      	RLCF        R0, 1, 0
;__Lib_MathDouble.c,1258 :: 		
0x0222	0x3601      	RLCF        R1, 1, 0
;__Lib_MathDouble.c,1259 :: 		
0x0224	0x3602      	RLCF        R2, 1, 0
;__Lib_MathDouble.c,1260 :: 		
0x0226	0x0603      	DECF        R3, 1, 0
;__Lib_MathDouble.c,1261 :: 		
0x0228	0xB4D8      	BTFSC       STATUS, 2, 0
;__Lib_MathDouble.c,1262 :: 		
0x022A	0xF001EF37  	GOTO        MULJPSETFUN32
;__Lib_MathDouble.c,1264 :: 		
MROUND32:
;__Lib_MathDouble.c,1267 :: 		
0x022E	0xF001EF2A  	GOTO        MUL32OK
;__Lib_MathDouble.c,1268 :: 		
0x0232	0x80D8      	BSF         STATUS, 0, 0
;__Lib_MathDouble.c,1269 :: 		
0x0234	0x0E80      	MOVLW       128
;__Lib_MathDouble.c,1270 :: 		
0x0236	0x6408      	CPFSGT      R8, 0
;__Lib_MathDouble.c,1271 :: 		
0x0238	0x3000      	RRCF        R0, 0, 0
;__Lib_MathDouble.c,1272 :: 		
0x023A	0x0E00      	MOVLW       0
;__Lib_MathDouble.c,1273 :: 		
0x023C	0x2200      	ADDWFC      R0, 1, 0
;__Lib_MathDouble.c,1274 :: 		
0x023E	0x2201      	ADDWFC      R1, 1, 0
;__Lib_MathDouble.c,1275 :: 		
0x0240	0x2202      	ADDWFC      R2, 1, 0
;__Lib_MathDouble.c,1277 :: 		
0x0242	0xA0D8      	BTFSS       STATUS, 0, 0
;__Lib_MathDouble.c,1278 :: 		
0x0244	0xF001EF2A  	GOTO        MUL32OK
;__Lib_MathDouble.c,1279 :: 		
0x0248	0x3202      	RRCF        R2, 1, 0
;__Lib_MathDouble.c,1280 :: 		
0x024A	0x3201      	RRCF        R1, 1, 0
;__Lib_MathDouble.c,1281 :: 		
0x024C	0x3200      	RRCF        R0, 1, 0
;__Lib_MathDouble.c,1282 :: 		
0x024E	0x4A03      	INFSNZ      R3, 1, 0
;__Lib_MathDouble.c,1283 :: 		
0x0250	0xF001EF33  	GOTO        MULJPSETFOV32
;__Lib_MathDouble.c,1285 :: 		
MUL32OK:
;__Lib_MathDouble.c,1286 :: 		
0x0254	0xAE0A      	BTFSS       R10, 7, 0
;__Lib_MathDouble.c,1287 :: 		
0x0256	0x9E02      	BCF         R2, 7, 0
;__Lib_MathDouble.c,1289 :: 		
0x0258	0x0E00      	MOVLW       0
;__Lib_MathDouble.c,1290 :: 		
0x025A	0xF001EF39  	GOTO        MULEEE
;__Lib_MathDouble.c,1291 :: 		
MULJPRES032:
;__Lib_MathDouble.c,1292 :: 		
0x025E	0x0E01      	MOVLW       1
;__Lib_MathDouble.c,1295 :: 		
0x0260	0xDEEE      	RCALL       _RES032
;__Lib_MathDouble.c,1297 :: 		
0x0262	0xF001EF39  	GOTO        MULEEE
;__Lib_MathDouble.c,1298 :: 		
MULJPSETFOV32:
;__Lib_MathDouble.c,1299 :: 		
0x0266	0x0E02      	MOVLW       2
;__Lib_MathDouble.c,1302 :: 		
0x0268	0xDF1D      	RCALL       _SETFOV32
;__Lib_MathDouble.c,1304 :: 		
0x026A	0xF001EF39  	GOTO        MULEEE
;__Lib_MathDouble.c,1305 :: 		
MULJPSETFUN32:
;__Lib_MathDouble.c,1306 :: 		
0x026E	0x0E04      	MOVLW       4
;__Lib_MathDouble.c,1309 :: 		
0x0270	0xDED9      	RCALL       _SETFUN32
;__Lib_MathDouble.c,1311 :: 		
MULEEE:
;__Lib_MathDouble.c,1318 :: 		
L_end_Mul_32x32_FP:
0x0272	0x0012      	RETURN      0
; end of _Mul_32x32_FP
_Double2Int:
;__Lib_MathDouble.c,1897 :: 		
;__Lib_MathDouble.c,1906 :: 		
0x0274	0x6A0B      	CLRF        R11, 0
;__Lib_MathDouble.c,1907 :: 		
0x0276	0x5003      	MOVF        R3, 0, 0
;__Lib_MathDouble.c,1908 :: 		
0x0278	0xB4D8      	BTFSC       STATUS, 2, 0
;__Lib_MathDouble.c,1909 :: 		
0x027A	0xF001EF80  	GOTO        IRES016
;__Lib_MathDouble.c,1910 :: 		
0x027E	0x5002      	MOVF        R2, 0, 0
;__Lib_MathDouble.c,1911 :: 		
0x0280	0x6E0A      	MOVWF       R10, 0
;__Lib_MathDouble.c,1912 :: 		
0x0282	0x8E02      	BSF         R2, 7, 0
;__Lib_MathDouble.c,1914 :: 		
0x0284	0x0E8E      	MOVLW       142
;__Lib_MathDouble.c,1915 :: 		
0x0286	0x5E03      	SUBWF       R3, 1, 0
;__Lib_MathDouble.c,1916 :: 		
0x0288	0xAE03      	BTFSS       R3, 7, 0
;__Lib_MathDouble.c,1917 :: 		
0x028A	0xF001EF84  	GOTO        SETIOV16
;__Lib_MathDouble.c,1918 :: 		
0x028E	0x6C03      	NEGF        R3, 0
;__Lib_MathDouble.c,1920 :: 		
0x0290	0x0E08      	MOVLW       8
;__Lib_MathDouble.c,1921 :: 		
0x0292	0x5C03      	SUBWF       R3, 0, 0
;__Lib_MathDouble.c,1922 :: 		
0x0294	0xA0D8      	BTFSS       STATUS, 0, 0
;__Lib_MathDouble.c,1923 :: 		
0x0296	0xF001EF5F  	GOTO        TSHIFT3216
;__Lib_MathDouble.c,1924 :: 		
0x029A	0x6E03      	MOVWF       R3, 0
;__Lib_MathDouble.c,1925 :: 		
0x029C	0x3601      	RLCF        R1, 1, 0
;__Lib_MathDouble.c,1926 :: 		
0x029E	0xF001C002  	MOVFF       R2, R1
;__Lib_MathDouble.c,1927 :: 		
0x02A2	0x6A02      	CLRF        R2, 0
;__Lib_MathDouble.c,1929 :: 		
0x02A4	0x0E08      	MOVLW       8
;__Lib_MathDouble.c,1930 :: 		
0x02A6	0x5C03      	SUBWF       R3, 0, 0
;__Lib_MathDouble.c,1931 :: 		
0x02A8	0xA0D8      	BTFSS       STATUS, 0, 0
;__Lib_MathDouble.c,1932 :: 		
0x02AA	0xF001EF5F  	GOTO        TSHIFT3216
;__Lib_MathDouble.c,1933 :: 		
0x02AE	0x6E03      	MOVWF       R3, 0
;__Lib_MathDouble.c,1934 :: 		
0x02B0	0x3601      	RLCF        R1, 1, 0
;__Lib_MathDouble.c,1935 :: 		
0x02B2	0x6A01      	CLRF        R1, 0
;__Lib_MathDouble.c,1937 :: 		
0x02B4	0x5003      	MOVF        R3, 0, 0
;__Lib_MathDouble.c,1938 :: 		
0x02B6	0xA4D8      	BTFSS       STATUS, 2, 0
;__Lib_MathDouble.c,1939 :: 		
0x02B8	0x90D8      	BCF         STATUS, 0, 0
;__Lib_MathDouble.c,1940 :: 		
0x02BA	0xF001EF69  	GOTO        SHIFT3216OK
;__Lib_MathDouble.c,1941 :: 		
TSHIFT3216:
;__Lib_MathDouble.c,1942 :: 		
0x02BE	0x5003      	MOVF        R3, 0, 0
;__Lib_MathDouble.c,1943 :: 		
0x02C0	0xB4D8      	BTFSC       STATUS, 2, 0
;__Lib_MathDouble.c,1944 :: 		
0x02C2	0xF001EF69  	GOTO        SHIFT3216OK
;__Lib_MathDouble.c,1945 :: 		
SHIFT3216:
;__Lib_MathDouble.c,1946 :: 		
0x02C6	0x90D8      	BCF         STATUS, 0, 0
;__Lib_MathDouble.c,1947 :: 		
0x02C8	0x3202      	RRCF        R2, 1, 0
;__Lib_MathDouble.c,1948 :: 		
0x02CA	0x3201      	RRCF        R1, 1, 0
;__Lib_MathDouble.c,1949 :: 		
0x02CC	0x2E03      	DECFSZ      R3, 1, 0
;__Lib_MathDouble.c,1950 :: 		
0x02CE	0xF001EF63  	GOTO        SHIFT3216
;__Lib_MathDouble.c,1951 :: 		
SHIFT3216OK:
;__Lib_MathDouble.c,1952 :: 		
0x02D2	0xBC0B      	BTFSC       R11, 6, 0
;__Lib_MathDouble.c,1953 :: 		
0x02D4	0xA001      	BTFSS       R1, 0, 0
;__Lib_MathDouble.c,1954 :: 		
0x02D6	0xF001EF76  	GOTO        INT3216OK
;__Lib_MathDouble.c,1955 :: 		
0x02DA	0xA0D8      	BTFSS       STATUS, 0, 0
;__Lib_MathDouble.c,1956 :: 		
0x02DC	0xF001EF76  	GOTO        INT3216OK
;__Lib_MathDouble.c,1957 :: 		
0x02E0	0x2A01      	INCF        R1, 1, 0
;__Lib_MathDouble.c,1958 :: 		
0x02E2	0xB4D8      	BTFSC       STATUS, 2, 0
;__Lib_MathDouble.c,1959 :: 		
0x02E4	0x2A02      	INCF        R2, 1, 0
;__Lib_MathDouble.c,1960 :: 		
0x02E6	0xBE02      	BTFSC       R2, 7, 0
;__Lib_MathDouble.c,1961 :: 		
0x02E8	0xF001EF93  	GOTO        JPJSETIOV3224
;__Lib_MathDouble.c,1962 :: 		
INT3216OK:
;__Lib_MathDouble.c,1963 :: 		
0x02EC	0xAE0A      	BTFSS       R10, 7, 0
;__Lib_MathDouble.c,1964 :: 		
0x02EE	0xF001EF98  	GOTO        INT3216EOK
;__Lib_MathDouble.c,1966 :: 		
0x02F2	0x1E02      	COMF        R2, 1, 0
;__Lib_MathDouble.c,1967 :: 		
0x02F4	0x1E01      	COMF        R1, 1, 0
;__Lib_MathDouble.c,1968 :: 		
0x02F6	0x2A01      	INCF        R1, 1, 0
;__Lib_MathDouble.c,1969 :: 		
0x02F8	0xB4D8      	BTFSC       STATUS, 2, 0
;__Lib_MathDouble.c,1970 :: 		
0x02FA	0x2A02      	INCF        R2, 1, 0
;__Lib_MathDouble.c,1971 :: 		
0x02FC	0xF001EF98  	GOTO        INT3216EOK
;__Lib_MathDouble.c,1973 :: 		
IRES016:
;__Lib_MathDouble.c,1974 :: 		
0x0300	0x6A02      	CLRF        R2, 0
;__Lib_MathDouble.c,1975 :: 		
0x0302	0x6A01      	CLRF        R1, 0
;__Lib_MathDouble.c,1976 :: 		
0x0304	0xF001EF98  	GOTO        INT3216EOK
;__Lib_MathDouble.c,1977 :: 		
SETIOV16:
;__Lib_MathDouble.c,1978 :: 		
0x0308	0x800B      	BSF         R11, 0, 0
;__Lib_MathDouble.c,1979 :: 		
0x030A	0xAE0B      	BTFSS       R11, 7, 0
;__Lib_MathDouble.c,1980 :: 		
0x030C	0xF001EF9C  	GOTO        INT3216EER
;__Lib_MathDouble.c,1982 :: 		
0x0310	0x6A02      	CLRF        R2, 0
;__Lib_MathDouble.c,1983 :: 		
0x0312	0xAE0A      	BTFSS       R10, 7, 0
;__Lib_MathDouble.c,1984 :: 		
0x0314	0xF001EF9C  	GOTO        INT3216EER
;__Lib_MathDouble.c,1985 :: 		
0x0318	0x0EFF      	MOVLW       255
;__Lib_MathDouble.c,1986 :: 		
0x031A	0x6E02      	MOVWF       R2, 0
;__Lib_MathDouble.c,1987 :: 		
0x031C	0x6E01      	MOVWF       R1, 0
;__Lib_MathDouble.c,1988 :: 		
0x031E	0x360A      	RLCF        R10, 1, 0
;__Lib_MathDouble.c,1989 :: 		
0x0320	0x3202      	RRCF        R2, 1, 0
;__Lib_MathDouble.c,1990 :: 		
0x0322	0xF001EF9C  	GOTO        INT3216EER
;__Lib_MathDouble.c,1992 :: 		
JPJSETIOV3224:
;__Lib_MathDouble.c,1993 :: 		
0x0326	0x0E01      	MOVLW       1
;__Lib_MathDouble.c,1994 :: 		
0x0328	0x6E0C      	MOVWF       R12, 0
;__Lib_MathDouble.c,1996 :: 		
0x032A	0xDF01      	RCALL       _SETIOV3224
;__Lib_MathDouble.c,1998 :: 		
0x032C	0xF001EF9E  	GOTO        INT3216EEE
;__Lib_MathDouble.c,1999 :: 		
INT3216EOK:
;__Lib_MathDouble.c,2000 :: 		
0x0330	0x0E00      	MOVLW       0
;__Lib_MathDouble.c,2001 :: 		
0x0332	0x6E0C      	MOVWF       R12, 0
;__Lib_MathDouble.c,2002 :: 		
0x0334	0xF001EF9E  	GOTO        INT3216EEE
;__Lib_MathDouble.c,2003 :: 		
INT3216EER:
;__Lib_MathDouble.c,2004 :: 		
0x0338	0x0EFF      	MOVLW       255
;__Lib_MathDouble.c,2005 :: 		
0x033A	0x6E0C      	MOVWF       R12, 0
;__Lib_MathDouble.c,2006 :: 		
INT3216EEE:
;__Lib_MathDouble.c,2007 :: 		
0x033C	0x5001      	MOVF        R1, 0, 0
;__Lib_MathDouble.c,2008 :: 		
0x033E	0x6E00      	MOVWF       R0, 0
;__Lib_MathDouble.c,2009 :: 		
0x0340	0x5002      	MOVF        R2, 0, 0
;__Lib_MathDouble.c,2010 :: 		
0x0342	0x6E01      	MOVWF       R1, 0
;__Lib_MathDouble.c,2015 :: 		
L_end_Double2Int:
0x0344	0x0012      	RETURN      0
; end of _Double2Int
_UART2_Tx_Idle:
;__Lib_UART_c67d67.c,154 :: 		
;__Lib_UART_c67d67.c,155 :: 		
0x0346	0x0E00      	MOVLW       0
0x0348	0xB272      	BTFSC       TXSTA2, 1 
0x034A	0x0E01      	MOVLW       1
0x034C	0x6E00      	MOVWF       R0 
;__Lib_UART_c67d67.c,156 :: 		
L_end_UART2_Tx_Idle:
0x034E	0x0012      	RETURN      0
; end of _UART2_Tx_Idle
_UART2_Write:
;__Lib_UART_c67d67.c,160 :: 		
;__Lib_UART_c67d67.c,161 :: 		
L_UART2_Write19:
0x0350	0xB272      	BTFSC       TXSTA2, 1 
0x0352	0xD001      	BRA         L_UART2_Write20
;__Lib_UART_c67d67.c,162 :: 		
0x0354	0xD7FD      	BRA         L_UART2_Write19
L_UART2_Write20:
;__Lib_UART_c67d67.c,163 :: 		
0x0356	0xFF73C04B  	MOVFF       FARG_UART2_Write_data_, TXREG2
;__Lib_UART_c67d67.c,164 :: 		
L_end_UART2_Write:
0x035A	0x0012      	RETURN      0
; end of _UART2_Write
_ADC_Read:
;__Lib_ADC_A_D.c,35 :: 		
;__Lib_ADC_A_D.c,38 :: 		
0x035C	0x6AC2      	CLRF        ADCON0 
;__Lib_ADC_A_D.c,39 :: 		
0x035E	0x0E07      	MOVLW       7
0x0360	0x12C0      	IORWF       ADCON2, 1 
;__Lib_ADC_A_D.c,40 :: 		
0x0362	0x8EC0      	BSF         ADCON2, 7 
;__Lib_ADC_A_D.c,41 :: 		
0x0364	0xF000C04B  	MOVFF       FARG_ADC_Read_channel, R0
0x0368	0x3600      	RLCF        R0, 1 
0x036A	0x9000      	BCF         R0, 0 
0x036C	0x3600      	RLCF        R0, 1 
0x036E	0x9000      	BCF         R0, 0 
0x0370	0x5000      	MOVF        R0, 0 
0x0372	0x12C2      	IORWF       ADCON0, 1 
;__Lib_ADC_A_D.c,42 :: 		
0x0374	0x80C2      	BSF         ADCON0, 0 
;__Lib_ADC_A_D.c,43 :: 		
0x0376	0xDEE9      	RCALL       _Delay_22us
;__Lib_ADC_A_D.c,44 :: 		
0x0378	0x82C2      	BSF         ADCON0, 1 
;__Lib_ADC_A_D.c,45 :: 		
L_ADC_Read2:
0x037A	0xA2C2      	BTFSS       ADCON0, 1 
0x037C	0xD001      	BRA         L_ADC_Read3
;__Lib_ADC_A_D.c,46 :: 		
0x037E	0xD7FD      	BRA         L_ADC_Read2
L_ADC_Read3:
;__Lib_ADC_A_D.c,47 :: 		
0x0380	0xF001CFC4  	MOVFF       ADRESH, R1
0x0384	0x6A00      	CLRF        R0 
;__Lib_ADC_A_D.c,48 :: 		
0x0386	0x50C3      	MOVF        ADRESL, 0 
0x0388	0x1200      	IORWF       R0, 1 
0x038A	0x0E00      	MOVLW       0
0x038C	0x1201      	IORWF       R1, 1 
;__Lib_ADC_A_D.c,49 :: 		
0x038E	0x90C2      	BCF         ADCON0, 0 
;__Lib_ADC_A_D.c,51 :: 		
;__Lib_ADC_A_D.c,52 :: 		
L_end_ADC_Read:
0x0390	0x0012      	RETURN      0
; end of _ADC_Read
_Div_16x16_S:
;__Lib_Math.c,200 :: 		
;__Lib_Math.c,208 :: 		
0x0392	0x5004      	MOVF        R4, 0 
0x0394	0x0A00      	XORLW       0
0x0396	0xE108      	BNZ         L_Div_16x16_S0
;__Lib_Math.c,209 :: 		
0x0398	0x5005      	MOVF        R5, 0 
0x039A	0x0A00      	XORLW       0
0x039C	0xE105      	BNZ         L_Div_16x16_S1
;__Lib_Math.c,210 :: 		
0x039E	0x0EFF      	MOVLW       255
0x03A0	0x6E00      	MOVWF       R0 
;__Lib_Math.c,211 :: 		
0x03A2	0x0E7F      	MOVLW       127
0x03A4	0x6E01      	MOVWF       R1 
;__Lib_Math.c,212 :: 		
0x03A6	0xD057      	BRA         L_end_Div_16x16_S
;__Lib_Math.c,213 :: 		
L_Div_16x16_S1:
L_Div_16x16_S0:
;__Lib_Math.c,216 :: 		
0x03A8	0x6A0D      	CLRF        R13, 0
;__Lib_Math.c,217 :: 		
0x03AA	0x6A09      	CLRF        R9, 0
;__Lib_Math.c,218 :: 		
0x03AC	0x6A08      	CLRF        R8, 0
;__Lib_Math.c,219 :: 		
0x03AE	0x5001      	MOVF        R1, 0, 0
;__Lib_Math.c,220 :: 		
0x03B0	0x1000      	IORWF       R0, 0, 0
;__Lib_Math.c,221 :: 		
0x03B2	0xB4D8      	BTFSC       STATUS, 2, 0
;__Lib_Math.c,222 :: 		
0x03B4	0x0C00      	RETLW       0
;__Lib_Math.c,224 :: 		
0x03B6	0x5001      	MOVF        R1, 0, 0
;__Lib_Math.c,225 :: 		
0x03B8	0x1805      	XORWF       R5, 0, 0
;__Lib_Math.c,226 :: 		
0x03BA	0x6E0A      	MOVWF       R10, 0
;__Lib_Math.c,227 :: 		
0x03BC	0xBE0A      	BTFSC       R10, 7, 0
;__Lib_Math.c,228 :: 		
0x03BE	0x1E0D      	COMF        R13, 1, 0
;__Lib_Math.c,230 :: 		
0x03C0	0x6A0B      	CLRF        R11, 0
;__Lib_Math.c,232 :: 		
0x03C2	0xAE05      	BTFSS       R5, 7, 0
;__Lib_Math.c,233 :: 		
0x03C4	0xD005      	BRA         $+12
;__Lib_Math.c,235 :: 		
0x03C6	0x1E04      	COMF        R4, 1, 0
;__Lib_Math.c,236 :: 		
0x03C8	0x1E05      	COMF        R5, 1, 0
;__Lib_Math.c,237 :: 		
0x03CA	0x2A04      	INCF        R4, 1, 0
;__Lib_Math.c,238 :: 		
0x03CC	0xB4D8      	BTFSC       STATUS, 2, 0
;__Lib_Math.c,239 :: 		
0x03CE	0x2A05      	INCF        R5, 1, 0
;__Lib_Math.c,241 :: 		
0x03D0	0xAE01      	BTFSS       R1, 7, 0
;__Lib_Math.c,242 :: 		
0x03D2	0xD005      	BRA         $+12
;__Lib_Math.c,244 :: 		
0x03D4	0x1E00      	COMF        R0, 1, 0
;__Lib_Math.c,245 :: 		
0x03D6	0x1E01      	COMF        R1, 1, 0
;__Lib_Math.c,246 :: 		
0x03D8	0x2A00      	INCF        R0, 1, 0
;__Lib_Math.c,247 :: 		
0x03DA	0xB4D8      	BTFSC       STATUS, 2, 0
;__Lib_Math.c,248 :: 		
0x03DC	0x2A01      	INCF        R1, 1, 0
;__Lib_Math.c,250 :: 		
0x03DE	0x5001      	MOVF        R1, 0, 0
;__Lib_Math.c,251 :: 		
0x03E0	0x1005      	IORWF       R5, 0, 0
;__Lib_Math.c,252 :: 		
0x03E2	0x6E0A      	MOVWF       R10, 0
;__Lib_Math.c,253 :: 		
0x03E4	0xBE0A      	BTFSC       R10, 7, 0
;__Lib_Math.c,254 :: 		
0x03E6	0xD010      	BRA         $+34
;__Lib_Math.c,256 :: 		
0x03E8	0xDE31      	RCALL       _Div_16x16_S_L
;__Lib_Math.c,258 :: 		
0x03EA	0xB00B      	BTFSC       R11, 0, 0
;__Lib_Math.c,259 :: 		
0x03EC	0xD020      	BRA         $+66
;__Lib_Math.c,261 :: 		
0x03EE	0xAE0D      	BTFSS       R13, 7, 0
;__Lib_Math.c,262 :: 		
0x03F0	0x0C00      	RETLW       0
;__Lib_Math.c,264 :: 		
0x03F2	0x1E00      	COMF        R0, 1, 0
;__Lib_Math.c,265 :: 		
0x03F4	0x1E01      	COMF        R1, 1, 0
;__Lib_Math.c,266 :: 		
0x03F6	0x2A00      	INCF        R0, 1, 0
;__Lib_Math.c,267 :: 		
0x03F8	0xB4D8      	BTFSC       STATUS, 2, 0
;__Lib_Math.c,268 :: 		
0x03FA	0x2A01      	INCF        R1, 1, 0
;__Lib_Math.c,270 :: 		
0x03FC	0x1E08      	COMF        R8, 1, 0
;__Lib_Math.c,271 :: 		
0x03FE	0x1E09      	COMF        R9, 1, 0
;__Lib_Math.c,272 :: 		
0x0400	0x2A08      	INCF        R8, 1, 0
;__Lib_Math.c,273 :: 		
0x0402	0xB4D8      	BTFSC       STATUS, 2, 0
;__Lib_Math.c,274 :: 		
0x0404	0x2A09      	INCF        R9, 1, 0
;__Lib_Math.c,276 :: 		
0x0406	0x0C00      	RETLW       0
;__Lib_Math.c,278 :: 		
0x0408	0xAE05      	BTFSS       R5, 7, 0
;__Lib_Math.c,279 :: 		
0x040A	0xD00D      	BRA         $+28
;__Lib_Math.c,280 :: 		
0x040C	0xBE01      	BTFSC       R1, 7, 0
;__Lib_Math.c,281 :: 		
0x040E	0xD007      	BRA         $+16
;__Lib_Math.c,282 :: 		
0x0410	0x5001      	MOVF        R1, 0, 0
;__Lib_Math.c,283 :: 		
0x0412	0x6E09      	MOVWF       R9, 0
;__Lib_Math.c,284 :: 		
0x0414	0x5000      	MOVF        R0, 0, 0
;__Lib_Math.c,285 :: 		
0x0416	0x6E08      	MOVWF       R8, 0
;__Lib_Math.c,286 :: 		
0x0418	0x6A01      	CLRF        R1, 0
;__Lib_Math.c,287 :: 		
0x041A	0x6A00      	CLRF        R0, 0
;__Lib_Math.c,288 :: 		
0x041C	0xD7E8      	BRA         $-46
;__Lib_Math.c,289 :: 		
0x041E	0x6A01      	CLRF        R1, 0
;__Lib_Math.c,290 :: 		
0x0420	0x6A00      	CLRF        R0, 0
;__Lib_Math.c,291 :: 		
0x0422	0x2A00      	INCF        R0, 1, 0
;__Lib_Math.c,292 :: 		
0x0424	0x0C00      	RETLW       0
;__Lib_Math.c,294 :: 		
0x0426	0x1E01      	COMF        R1, 1, 0
;__Lib_Math.c,295 :: 		
0x0428	0x1E00      	COMF        R0, 1, 0
;__Lib_Math.c,296 :: 		
0x042A	0x2A0B      	INCF        R11, 1, 0
;__Lib_Math.c,297 :: 		
0x042C	0xD7DD      	BRA         $-68
;__Lib_Math.c,299 :: 		
0x042E	0x2A08      	INCF        R8, 1, 0
;__Lib_Math.c,300 :: 		
0x0430	0xB4D8      	BTFSC       STATUS, 2, 0
;__Lib_Math.c,301 :: 		
0x0432	0x2A09      	INCF        R9, 1, 0
;__Lib_Math.c,302 :: 		
0x0434	0x5004      	MOVF        R4, 0, 0
;__Lib_Math.c,303 :: 		
0x0436	0x5C08      	SUBWF       R8, 0, 0
;__Lib_Math.c,304 :: 		
0x0438	0xA4D8      	BTFSS       STATUS, 2, 0
;__Lib_Math.c,305 :: 		
0x043A	0xD7D9      	BRA         $-76
;__Lib_Math.c,306 :: 		
0x043C	0x5005      	MOVF        R5, 0, 0
;__Lib_Math.c,307 :: 		
0x043E	0x5C09      	SUBWF       R9, 0, 0
;__Lib_Math.c,308 :: 		
0x0440	0xA4D8      	BTFSS       STATUS, 2, 0
;__Lib_Math.c,309 :: 		
0x0442	0xD7D5      	BRA         $-84
;__Lib_Math.c,310 :: 		
0x0444	0x6A09      	CLRF        R9, 0
;__Lib_Math.c,311 :: 		
0x0446	0x6A08      	CLRF        R8, 0
;__Lib_Math.c,312 :: 		
0x0448	0x2A00      	INCF        R0, 1, 0
;__Lib_Math.c,313 :: 		
0x044A	0xB4D8      	BTFSC       STATUS, 2, 0
;__Lib_Math.c,314 :: 		
0x044C	0x2A01      	INCF        R1, 1, 0
;__Lib_Math.c,315 :: 		
0x044E	0xAE01      	BTFSS       R1, 7, 0
;__Lib_Math.c,316 :: 		
0x0450	0xD7CE      	BRA         $-98
;__Lib_Math.c,317 :: 		
0x0452	0x0000      	NOP
;__Lib_Math.c,318 :: 		
0x0454	0x0CFF      	RETLW       255
;__Lib_Math.c,320 :: 		
L_end_Div_16x16_S:
0x0456	0x0012      	RETURN      0
; end of _Div_16x16_S
_Int2Double:
;__Lib_MathDouble.c,2285 :: 		
;__Lib_MathDouble.c,2294 :: 		
0x0458	0xF008C000  	MOVFF       R0, R8
;__Lib_MathDouble.c,2295 :: 		
0x045C	0x5001      	MOVF        R1, 0, 0
;__Lib_MathDouble.c,2296 :: 		
0x045E	0x6E00      	MOVWF       R0, 0
;__Lib_MathDouble.c,2297 :: 		
0x0460	0x6A01      	CLRF        R1, 0
;__Lib_MathDouble.c,2298 :: 		
0x0462	0x6A02      	CLRF        R2, 0
;__Lib_MathDouble.c,2299 :: 		
0x0464	0x6A03      	CLRF        R3, 0
;__Lib_MathDouble.c,2302 :: 		
0x0466	0x6A0B      	CLRF        R11, 0
;__Lib_MathDouble.c,2303 :: 		
0x0468	0x6A0C      	CLRF        R12, 0
;__Lib_MathDouble.c,2304 :: 		
0x046A	0x6A01      	CLRF        R1, 0
;__Lib_MathDouble.c,2305 :: 		
0x046C	0x6A02      	CLRF        R2, 0
;__Lib_MathDouble.c,2306 :: 		
0x046E	0x6A03      	CLRF        R3, 0
;__Lib_MathDouble.c,2308 :: 		
0x0470	0x0E96      	MOVLW       150
;__Lib_MathDouble.c,2309 :: 		
0x0472	0x6E03      	MOVWF       R3, 0
;__Lib_MathDouble.c,2310 :: 		
0x0474	0x6A0A      	CLRF        R10, 0
;__Lib_MathDouble.c,2311 :: 		
0x0476	0xAE00      	BTFSS       R0, 7, 0
;__Lib_MathDouble.c,2312 :: 		
0x0478	0xF002EF44  	GOTO        FLO1632EEE
;__Lib_MathDouble.c,2314 :: 		
0x047C	0x1E08      	COMF        R8, 1, 0
;__Lib_MathDouble.c,2315 :: 		
0x047E	0x1E00      	COMF        R0, 1, 0
;__Lib_MathDouble.c,2317 :: 		
0x0480	0x2A08      	INCF        R8, 1, 0
;__Lib_MathDouble.c,2318 :: 		
0x0482	0xB4D8      	BTFSC       STATUS, 2, 0
;__Lib_MathDouble.c,2319 :: 		
0x0484	0x2A00      	INCF        R0, 1, 0
;__Lib_MathDouble.c,2321 :: 		
0x0486	0x8E0A      	BSF         R10, 7, 0
;__Lib_MathDouble.c,2322 :: 		
FLO1632EEE:
;__Lib_MathDouble.c,2323 :: 		
0x0488	0xF001C000  	MOVFF       R0, R1
;__Lib_MathDouble.c,2324 :: 		
0x048C	0xF000C008  	MOVFF       R8, R0
;__Lib_MathDouble.c,2325 :: 		
0x0490	0x6A08      	CLRF        R8, 0
;__Lib_MathDouble.c,2326 :: 		
0x0492	0x6A02      	CLRF        R2, 0
;__Lib_MathDouble.c,2328 :: 		
0x0494	0xDE13      	RCALL       _NRM3232
;__Lib_MathDouble.c,2329 :: 		
L_end_Int2Double:
0x0496	0x0012      	RETURN      0
; end of _Int2Double
_ADC_Init:
;__Lib_ADC_A_D.c,6 :: 		
;__Lib_ADC_A_D.c,7 :: 		
0x0498	0x0EFF      	MOVLW       _ADC_Get_Sample
0x049A	0x6E37      	MOVWF       _ADC_Get_Sample_Ptr 
0x049C	0x0EFF      	MOVLW       hi_addr(_ADC_Get_Sample)
0x049E	0x6E38      	MOVWF       _ADC_Get_Sample_Ptr+1 
0x04A0	0x0EFF      	MOVLW       FARG_ADC_Get_Sample_channel
0x04A2	0x6E39      	MOVWF       _ADC_Get_Sample_Ptr+2 
0x04A4	0x0EFF      	MOVLW       hi_addr(FARG_ADC_Get_Sample_channel)
0x04A6	0x6E3A      	MOVWF       _ADC_Get_Sample_Ptr+3 
;__Lib_ADC_A_D.c,9 :: 		
0x04A8	0x6AC2      	CLRF        ADCON0 
;__Lib_ADC_A_D.c,10 :: 		
0x04AA	0x0E07      	MOVLW       7
0x04AC	0x12C0      	IORWF       ADCON2, 1 
;__Lib_ADC_A_D.c,11 :: 		
0x04AE	0x8EC0      	BSF         ADCON2, 7 
;__Lib_ADC_A_D.c,12 :: 		
0x04B0	0x80C2      	BSF         ADCON0, 0 
;__Lib_ADC_A_D.c,13 :: 		
L_end_ADC_Init:
0x04B2	0x0012      	RETURN      0
; end of _ADC_Init
_UART2_Init:
;__Lib_UART_c67d67.c,117 :: 		
;__Lib_UART_c67d67.c,120 :: 		
0x04B4	0x0E50      	MOVLW       _UART2_Write
0x04B6	0x6E2F      	MOVWF       _UART_Wr_Ptr 
0x04B8	0x0E03      	MOVLW       hi_addr(_UART2_Write)
0x04BA	0x6E30      	MOVWF       _UART_Wr_Ptr+1 
0x04BC	0x0E4B      	MOVLW       FARG_UART2_Write_data_
0x04BE	0x6E31      	MOVWF       _UART_Wr_Ptr+2 
0x04C0	0x0E00      	MOVLW       hi_addr(FARG_UART2_Write_data_)
0x04C2	0x6E32      	MOVWF       _UART_Wr_Ptr+3 
;__Lib_UART_c67d67.c,121 :: 		
0x04C4	0x0EFF      	MOVLW       _UART2_Read
0x04C6	0x6E33      	MOVWF       _UART_Rd_Ptr 
0x04C8	0x0EFF      	MOVLW       hi_addr(_UART2_Read)
0x04CA	0x6E34      	MOVWF       _UART_Rd_Ptr+1 
0x04CC	0x0E00      	MOVLW       0
0x04CE	0x6E35      	MOVWF       _UART_Rd_Ptr+2 
0x04D0	0x0E00      	MOVLW       0
0x04D2	0x6E36      	MOVWF       _UART_Rd_Ptr+3 
;__Lib_UART_c67d67.c,122 :: 		
0x04D4	0x0EFF      	MOVLW       _UART2_Data_Ready
0x04D6	0x6E3B      	MOVWF       _UART_Rdy_Ptr 
0x04D8	0x0EFF      	MOVLW       hi_addr(_UART2_Data_Ready)
0x04DA	0x6E3C      	MOVWF       _UART_Rdy_Ptr+1 
0x04DC	0x0E00      	MOVLW       0
0x04DE	0x6E3D      	MOVWF       _UART_Rdy_Ptr+2 
0x04E0	0x0E00      	MOVLW       0
0x04E2	0x6E3E      	MOVWF       _UART_Rdy_Ptr+3 
;__Lib_UART_c67d67.c,123 :: 		
0x04E4	0x0E46      	MOVLW       _UART2_Tx_Idle
0x04E6	0x6E3F      	MOVWF       _UART_Tx_Idle_Ptr 
0x04E8	0x0E03      	MOVLW       hi_addr(_UART2_Tx_Idle)
0x04EA	0x6E40      	MOVWF       _UART_Tx_Idle_Ptr+1 
0x04EC	0x0E00      	MOVLW       0
0x04EE	0x6E41      	MOVWF       _UART_Tx_Idle_Ptr+2 
0x04F0	0x0E00      	MOVLW       0
0x04F2	0x6E42      	MOVWF       _UART_Tx_Idle_Ptr+3 
;__Lib_UART_c67d67.c,125 :: 		
0x04F4	0x8A72      	BSF         TXSTA2, 5 
;__Lib_UART_c67d67.c,126 :: 		
0x04F6	0x0E90      	MOVLW       144
0x04F8	0x6E71      	MOVWF       RCSTA2 
;__Lib_UART_c67d67.c,127 :: 		
0x04FA	0x8E95      	BSF         TRISD7_bit, BitPos(TRISD7_bit+0) 
;__Lib_UART_c67d67.c,128 :: 		
0x04FC	0x9C95      	BCF         TRISD6_bit, BitPos(TRISD6_bit+0) 
;__Lib_UART_c67d67.c,130 :: 		
L_UART2_Init16:
0x04FE	0xAAA4      	BTFSS       RC2IF_bit, BitPos(RC2IF_bit+0) 
0x0500	0xD003      	BRA         L_UART2_Init17
;__Lib_UART_c67d67.c,131 :: 		
0x0502	0xF000CF74  	MOVFF       RCREG2, R0
0x0506	0xD7FB      	BRA         L_UART2_Init16
L_UART2_Init17:
;__Lib_UART_c67d67.c,132 :: 		
L_end_UART2_Init:
0x0508	0x0012      	RETURN      0
; end of _UART2_Init
___CC2DW:
;__Lib_System.c,21 :: 		
;__Lib_System.c,23 :: 		
_CC2DL_Loop1:
;__Lib_System.c,24 :: 		
0x050A	0x0009      	TBLRD*+
;__Lib_System.c,25 :: 		
0x050C	0xFFE6CFF5  	MOVFF       TABLAT, POSTINC1
;__Lib_System.c,26 :: 		
0x0510	0x0600      	DECF        R0, 1, 0
;__Lib_System.c,27 :: 		
0x0512	0xE1FB      	BNZ         _CC2DL_Loop1
;__Lib_System.c,28 :: 		
0x0514	0x0601      	DECF        R1, 1, 0
;__Lib_System.c,29 :: 		
0x0516	0xE1F9      	BNZ         _CC2DL_Loop1
;__Lib_System.c,31 :: 		
L_end___CC2DW:
0x0518	0x0012      	RETURN      0
; end of ___CC2DW
_initconfig:
;MCU Slave.c,2 :: 		initconfig(){
;MCU Slave.c,3 :: 		OSCCON = 114;
0x051A	0x0E72      	MOVLW       114
0x051C	0x6ED3      	MOVWF       OSCCON 
;MCU Slave.c,4 :: 		ANSELA = 0X2E;
0x051E	0x0E2E      	MOVLW       46
0x0520	0x010F      	MOVLB       15
0x0522	0x6F38      	MOVWF       ANSELA, 1
;MCU Slave.c,5 :: 		ANSELB = 0X3F;
0x0524	0x0E3F      	MOVLW       63
0x0526	0x6F39      	MOVWF       ANSELB, 1
;MCU Slave.c,6 :: 		ANSELC = 0XFC;
0x0528	0x0EFC      	MOVLW       252
0x052A	0x6F3A      	MOVWF       ANSELC, 1
;MCU Slave.c,7 :: 		ANSELE = 0X07;
0x052C	0x0E07      	MOVLW       7
0x052E	0x6F3C      	MOVWF       ANSELE, 1
;MCU Slave.c,8 :: 		TRISA  = 0X2E;
0x0530	0x0E2E      	MOVLW       46
0x0532	0x6E92      	MOVWF       TRISA 
;MCU Slave.c,9 :: 		TRISB  = 0X3F;
0x0534	0x0E3F      	MOVLW       63
0x0536	0x6E93      	MOVWF       TRISB 
;MCU Slave.c,10 :: 		TRISC  = 0XFC;
0x0538	0x0EFC      	MOVLW       252
0x053A	0x6E94      	MOVWF       TRISC 
;MCU Slave.c,11 :: 		TRISD  = 0X01;
0x053C	0x0E01      	MOVLW       1
0x053E	0x6E95      	MOVWF       TRISD 
;MCU Slave.c,12 :: 		TRISE  = 0X07;
0x0540	0x0E07      	MOVLW       7
0x0542	0x6E96      	MOVWF       TRISE 
;MCU Slave.c,13 :: 		LATA   = 0X00;
0x0544	0x6A89      	CLRF        LATA 
;MCU Slave.c,14 :: 		LATB   = 0X00;
0x0546	0x6A8A      	CLRF        LATB 
;MCU Slave.c,15 :: 		LATC   = 0X00;
0x0548	0x6A8B      	CLRF        LATC 
;MCU Slave.c,16 :: 		LATD   = 0X00;
0x054A	0x6A8C      	CLRF        LATD 
;MCU Slave.c,17 :: 		LATE   = 0X00;
0x054C	0x6A8D      	CLRF        LATE 
;MCU Slave.c,18 :: 		}
L_end_initconfig:
0x054E	0x0012      	RETURN      0
; end of _initconfig
_function:
;MCU Slave.c,27 :: 		void function(){
;MCU Slave.c,28 :: 		LATD.B5 = 1;
0x0550	0x8A8C      	BSF         LATD, 5 
;MCU Slave.c,29 :: 		delay_ms(2);
0x0552	0x0E0B      	MOVLW       11
0x0554	0x6E0C      	MOVWF       R12, 0
0x0556	0x0E62      	MOVLW       98
0x0558	0x6E0D      	MOVWF       R13, 0
L_function0:
0x055A	0x2E0D      	DECFSZ      R13, 1, 0
0x055C	0xD7FE      	BRA         L_function0
0x055E	0x2E0C      	DECFSZ      R12, 1, 0
0x0560	0xD7FC      	BRA         L_function0
0x0562	0x0000      	NOP
;MCU Slave.c,30 :: 		for(counter = 1; counter <= 5; counter++){
0x0564	0x0E01      	MOVLW       1
0x0566	0x6E15      	MOVWF       _counter 
L_function1:
0x0568	0x0E80      	MOVLW       128
0x056A	0x0A05      	XORLW       5
0x056C	0x6E00      	MOVWF       R0 
0x056E	0x0E80      	MOVLW       128
0x0570	0x1815      	XORWF       _counter, 0 
0x0572	0x5C00      	SUBWF       R0, 0 
0x0574	0xE309      	BNC         L_function2
;MCU Slave.c,31 :: 		adc_average[0] += Adc_Read(counter);
0x0576	0xF04BC015  	MOVFF       _counter, FARG_ADC_Read_channel
0x057A	0xDEF0      	RCALL       _ADC_Read
0x057C	0x5000      	MOVF        R0, 0 
0x057E	0x2643      	ADDWF       _adc_average, 1 
0x0580	0x5001      	MOVF        R1, 0 
0x0582	0x2244      	ADDWFC      _adc_average+1, 1 
;MCU Slave.c,30 :: 		for(counter = 1; counter <= 5; counter++){
0x0584	0x2A15      	INCF        _counter, 1 
;MCU Slave.c,32 :: 		}
0x0586	0xD7F0      	BRA         L_function1
L_function2:
;MCU Slave.c,33 :: 		adc_average[0] = adc_average[0] / 5;
0x0588	0x0E05      	MOVLW       5
0x058A	0x6E04      	MOVWF       R4 
0x058C	0x0E00      	MOVLW       0
0x058E	0x6E05      	MOVWF       R5 
0x0590	0xF000C043  	MOVFF       _adc_average, R0
0x0594	0xF001C044  	MOVFF       _adc_average+1, R1
0x0598	0xDEFC      	RCALL       _Div_16x16_S
0x059A	0xF043C000  	MOVFF       R0, _adc_average
0x059E	0xF044C001  	MOVFF       R1, _adc_average+1
;MCU Slave.c,34 :: 		adc_average[0] = adc_average[0] * percent;
0x05A2	0xDF5A      	RCALL       _Int2Double
0x05A4	0xF004C016  	MOVFF       _percent, R4
0x05A8	0xF005C017  	MOVFF       _percent+1, R5
0x05AC	0xF006C018  	MOVFF       _percent+2, R6
0x05B0	0xF007C019  	MOVFF       _percent+3, R7
0x05B4	0xDDCF      	RCALL       _Mul_32x32_FP
0x05B6	0xDE5E      	RCALL       _Double2Int
0x05B8	0xF043C000  	MOVFF       R0, _adc_average
0x05BC	0xF044C001  	MOVFF       R1, _adc_average+1
;MCU Slave.c,35 :: 		delay_ms(2);
0x05C0	0x0E0B      	MOVLW       11
0x05C2	0x6E0C      	MOVWF       R12, 0
0x05C4	0x0E62      	MOVLW       98
0x05C6	0x6E0D      	MOVWF       R13, 0
L_function4:
0x05C8	0x2E0D      	DECFSZ      R13, 1, 0
0x05CA	0xD7FE      	BRA         L_function4
0x05CC	0x2E0C      	DECFSZ      R12, 1, 0
0x05CE	0xD7FC      	BRA         L_function4
0x05D0	0x0000      	NOP
;MCU Slave.c,36 :: 		LATD.B5 = 0;
0x05D2	0x9A8C      	BCF         LATD, 5 
;MCU Slave.c,37 :: 		delay_ms(2);
0x05D4	0x0E0B      	MOVLW       11
0x05D6	0x6E0C      	MOVWF       R12, 0
0x05D8	0x0E62      	MOVLW       98
0x05DA	0x6E0D      	MOVWF       R13, 0
L_function5:
0x05DC	0x2E0D      	DECFSZ      R13, 1, 0
0x05DE	0xD7FE      	BRA         L_function5
0x05E0	0x2E0C      	DECFSZ      R12, 1, 0
0x05E2	0xD7FC      	BRA         L_function5
0x05E4	0x0000      	NOP
;MCU Slave.c,39 :: 		LATD.B4 = 1;
0x05E6	0x888C      	BSF         LATD, 4 
;MCU Slave.c,40 :: 		delay_ms(2);
0x05E8	0x0E0B      	MOVLW       11
0x05EA	0x6E0C      	MOVWF       R12, 0
0x05EC	0x0E62      	MOVLW       98
0x05EE	0x6E0D      	MOVWF       R13, 0
L_function6:
0x05F0	0x2E0D      	DECFSZ      R13, 1, 0
0x05F2	0xD7FE      	BRA         L_function6
0x05F4	0x2E0C      	DECFSZ      R12, 1, 0
0x05F6	0xD7FC      	BRA         L_function6
0x05F8	0x0000      	NOP
;MCU Slave.c,41 :: 		for(counter = 6; counter <= 10; counter++){
0x05FA	0x0E06      	MOVLW       6
0x05FC	0x6E15      	MOVWF       _counter 
L_function7:
0x05FE	0x0E80      	MOVLW       128
0x0600	0x0A0A      	XORLW       10
0x0602	0x6E00      	MOVWF       R0 
0x0604	0x0E80      	MOVLW       128
0x0606	0x1815      	XORWF       _counter, 0 
0x0608	0x5C00      	SUBWF       R0, 0 
0x060A	0xE309      	BNC         L_function8
;MCU Slave.c,42 :: 		adc_average[1] += Adc_Read(counter);
0x060C	0xF04BC015  	MOVFF       _counter, FARG_ADC_Read_channel
0x0610	0xDEA5      	RCALL       _ADC_Read
0x0612	0x5000      	MOVF        R0, 0 
0x0614	0x2645      	ADDWF       _adc_average+2, 1 
0x0616	0x5001      	MOVF        R1, 0 
0x0618	0x2246      	ADDWFC      _adc_average+3, 1 
;MCU Slave.c,41 :: 		for(counter = 6; counter <= 10; counter++){
0x061A	0x2A15      	INCF        _counter, 1 
;MCU Slave.c,43 :: 		}
0x061C	0xD7F0      	BRA         L_function7
L_function8:
;MCU Slave.c,44 :: 		adc_average[1] = adc_average[1] / 5;
0x061E	0x0E05      	MOVLW       5
0x0620	0x6E04      	MOVWF       R4 
0x0622	0x0E00      	MOVLW       0
0x0624	0x6E05      	MOVWF       R5 
0x0626	0xF000C045  	MOVFF       _adc_average+2, R0
0x062A	0xF001C046  	MOVFF       _adc_average+3, R1
0x062E	0xDEB1      	RCALL       _Div_16x16_S
0x0630	0xF045C000  	MOVFF       R0, _adc_average+2
0x0634	0xF046C001  	MOVFF       R1, _adc_average+3
;MCU Slave.c,45 :: 		adc_average[1] = adc_average[1] * percent;
0x0638	0xDF0F      	RCALL       _Int2Double
0x063A	0xF004C016  	MOVFF       _percent, R4
0x063E	0xF005C017  	MOVFF       _percent+1, R5
0x0642	0xF006C018  	MOVFF       _percent+2, R6
0x0646	0xF007C019  	MOVFF       _percent+3, R7
0x064A	0xDD84      	RCALL       _Mul_32x32_FP
0x064C	0xDE13      	RCALL       _Double2Int
0x064E	0xF045C000  	MOVFF       R0, _adc_average+2
0x0652	0xF046C001  	MOVFF       R1, _adc_average+3
;MCU Slave.c,46 :: 		delay_ms(2);
0x0656	0x0E0B      	MOVLW       11
0x0658	0x6E0C      	MOVWF       R12, 0
0x065A	0x0E62      	MOVLW       98
0x065C	0x6E0D      	MOVWF       R13, 0
L_function10:
0x065E	0x2E0D      	DECFSZ      R13, 1, 0
0x0660	0xD7FE      	BRA         L_function10
0x0662	0x2E0C      	DECFSZ      R12, 1, 0
0x0664	0xD7FC      	BRA         L_function10
0x0666	0x0000      	NOP
;MCU Slave.c,47 :: 		LATD.B4 = 0;
0x0668	0x988C      	BCF         LATD, 4 
;MCU Slave.c,48 :: 		delay_ms(2);
0x066A	0x0E0B      	MOVLW       11
0x066C	0x6E0C      	MOVWF       R12, 0
0x066E	0x0E62      	MOVLW       98
0x0670	0x6E0D      	MOVWF       R13, 0
L_function11:
0x0672	0x2E0D      	DECFSZ      R13, 1, 0
0x0674	0xD7FE      	BRA         L_function11
0x0676	0x2E0C      	DECFSZ      R12, 1, 0
0x0678	0xD7FC      	BRA         L_function11
0x067A	0x0000      	NOP
;MCU Slave.c,50 :: 		LATD.B3 = 1;
0x067C	0x868C      	BSF         LATD, 3 
;MCU Slave.c,51 :: 		delay_ms(2);
0x067E	0x0E0B      	MOVLW       11
0x0680	0x6E0C      	MOVWF       R12, 0
0x0682	0x0E62      	MOVLW       98
0x0684	0x6E0D      	MOVWF       R13, 0
L_function12:
0x0686	0x2E0D      	DECFSZ      R13, 1, 0
0x0688	0xD7FE      	BRA         L_function12
0x068A	0x2E0C      	DECFSZ      R12, 1, 0
0x068C	0xD7FC      	BRA         L_function12
0x068E	0x0000      	NOP
;MCU Slave.c,52 :: 		for(counter = 11; counter <= 15; counter++){
0x0690	0x0E0B      	MOVLW       11
0x0692	0x6E15      	MOVWF       _counter 
L_function13:
0x0694	0x0E80      	MOVLW       128
0x0696	0x0A0F      	XORLW       15
0x0698	0x6E00      	MOVWF       R0 
0x069A	0x0E80      	MOVLW       128
0x069C	0x1815      	XORWF       _counter, 0 
0x069E	0x5C00      	SUBWF       R0, 0 
0x06A0	0xE309      	BNC         L_function14
;MCU Slave.c,53 :: 		adc_average[2] += Adc_Read(counter);
0x06A2	0xF04BC015  	MOVFF       _counter, FARG_ADC_Read_channel
0x06A6	0xDE5A      	RCALL       _ADC_Read
0x06A8	0x5000      	MOVF        R0, 0 
0x06AA	0x2647      	ADDWF       _adc_average+4, 1 
0x06AC	0x5001      	MOVF        R1, 0 
0x06AE	0x2248      	ADDWFC      _adc_average+5, 1 
;MCU Slave.c,52 :: 		for(counter = 11; counter <= 15; counter++){
0x06B0	0x2A15      	INCF        _counter, 1 
;MCU Slave.c,54 :: 		}
0x06B2	0xD7F0      	BRA         L_function13
L_function14:
;MCU Slave.c,55 :: 		adc_average[2] = adc_average[2] / 5;
0x06B4	0x0E05      	MOVLW       5
0x06B6	0x6E04      	MOVWF       R4 
0x06B8	0x0E00      	MOVLW       0
0x06BA	0x6E05      	MOVWF       R5 
0x06BC	0xF000C047  	MOVFF       _adc_average+4, R0
0x06C0	0xF001C048  	MOVFF       _adc_average+5, R1
0x06C4	0xDE66      	RCALL       _Div_16x16_S
0x06C6	0xF047C000  	MOVFF       R0, _adc_average+4
0x06CA	0xF048C001  	MOVFF       R1, _adc_average+5
;MCU Slave.c,56 :: 		adc_average[2] = adc_average[2] * percent;
0x06CE	0xDEC4      	RCALL       _Int2Double
0x06D0	0xF004C016  	MOVFF       _percent, R4
0x06D4	0xF005C017  	MOVFF       _percent+1, R5
0x06D8	0xF006C018  	MOVFF       _percent+2, R6
0x06DC	0xF007C019  	MOVFF       _percent+3, R7
0x06E0	0xDD39      	RCALL       _Mul_32x32_FP
0x06E2	0xDDC8      	RCALL       _Double2Int
0x06E4	0xF047C000  	MOVFF       R0, _adc_average+4
0x06E8	0xF048C001  	MOVFF       R1, _adc_average+5
;MCU Slave.c,57 :: 		delay_ms(2);
0x06EC	0x0E0B      	MOVLW       11
0x06EE	0x6E0C      	MOVWF       R12, 0
0x06F0	0x0E62      	MOVLW       98
0x06F2	0x6E0D      	MOVWF       R13, 0
L_function16:
0x06F4	0x2E0D      	DECFSZ      R13, 1, 0
0x06F6	0xD7FE      	BRA         L_function16
0x06F8	0x2E0C      	DECFSZ      R12, 1, 0
0x06FA	0xD7FC      	BRA         L_function16
0x06FC	0x0000      	NOP
;MCU Slave.c,58 :: 		LATD.B3 = 0;
0x06FE	0x968C      	BCF         LATD, 3 
;MCU Slave.c,59 :: 		delay_ms(2);
0x0700	0x0E0B      	MOVLW       11
0x0702	0x6E0C      	MOVWF       R12, 0
0x0704	0x0E62      	MOVLW       98
0x0706	0x6E0D      	MOVWF       R13, 0
L_function17:
0x0708	0x2E0D      	DECFSZ      R13, 1, 0
0x070A	0xD7FE      	BRA         L_function17
0x070C	0x2E0C      	DECFSZ      R12, 1, 0
0x070E	0xD7FC      	BRA         L_function17
0x0710	0x0000      	NOP
;MCU Slave.c,61 :: 		LATD.B2 = 1;
0x0712	0x848C      	BSF         LATD, 2 
;MCU Slave.c,62 :: 		delay_ms(2);
0x0714	0x0E0B      	MOVLW       11
0x0716	0x6E0C      	MOVWF       R12, 0
0x0718	0x0E62      	MOVLW       98
0x071A	0x6E0D      	MOVWF       R13, 0
L_function18:
0x071C	0x2E0D      	DECFSZ      R13, 1, 0
0x071E	0xD7FE      	BRA         L_function18
0x0720	0x2E0C      	DECFSZ      R12, 1, 0
0x0722	0xD7FC      	BRA         L_function18
0x0724	0x0000      	NOP
;MCU Slave.c,63 :: 		for(counter = 16; counter <= 20; counter++){
0x0726	0x0E10      	MOVLW       16
0x0728	0x6E15      	MOVWF       _counter 
L_function19:
0x072A	0x0E80      	MOVLW       128
0x072C	0x0A14      	XORLW       20
0x072E	0x6E00      	MOVWF       R0 
0x0730	0x0E80      	MOVLW       128
0x0732	0x1815      	XORWF       _counter, 0 
0x0734	0x5C00      	SUBWF       R0, 0 
0x0736	0xE309      	BNC         L_function20
;MCU Slave.c,64 :: 		adc_average[3] += Adc_Read(counter);
0x0738	0xF04BC015  	MOVFF       _counter, FARG_ADC_Read_channel
0x073C	0xDE0F      	RCALL       _ADC_Read
0x073E	0x5000      	MOVF        R0, 0 
0x0740	0x2649      	ADDWF       _adc_average+6, 1 
0x0742	0x5001      	MOVF        R1, 0 
0x0744	0x224A      	ADDWFC      _adc_average+7, 1 
;MCU Slave.c,63 :: 		for(counter = 16; counter <= 20; counter++){
0x0746	0x2A15      	INCF        _counter, 1 
;MCU Slave.c,65 :: 		}
0x0748	0xD7F0      	BRA         L_function19
L_function20:
;MCU Slave.c,66 :: 		adc_average[3] = adc_average[3] / 5;
0x074A	0x0E05      	MOVLW       5
0x074C	0x6E04      	MOVWF       R4 
0x074E	0x0E00      	MOVLW       0
0x0750	0x6E05      	MOVWF       R5 
0x0752	0xF000C049  	MOVFF       _adc_average+6, R0
0x0756	0xF001C04A  	MOVFF       _adc_average+7, R1
0x075A	0xDE1B      	RCALL       _Div_16x16_S
0x075C	0xF049C000  	MOVFF       R0, _adc_average+6
0x0760	0xF04AC001  	MOVFF       R1, _adc_average+7
;MCU Slave.c,67 :: 		adc_average[3] = adc_average[3] * percent;
0x0764	0xDE79      	RCALL       _Int2Double
0x0766	0xF004C016  	MOVFF       _percent, R4
0x076A	0xF005C017  	MOVFF       _percent+1, R5
0x076E	0xF006C018  	MOVFF       _percent+2, R6
0x0772	0xF007C019  	MOVFF       _percent+3, R7
0x0776	0xDCEE      	RCALL       _Mul_32x32_FP
0x0778	0xDD7D      	RCALL       _Double2Int
0x077A	0xF049C000  	MOVFF       R0, _adc_average+6
0x077E	0xF04AC001  	MOVFF       R1, _adc_average+7
;MCU Slave.c,68 :: 		delay_ms(2);
0x0782	0x0E0B      	MOVLW       11
0x0784	0x6E0C      	MOVWF       R12, 0
0x0786	0x0E62      	MOVLW       98
0x0788	0x6E0D      	MOVWF       R13, 0
L_function22:
0x078A	0x2E0D      	DECFSZ      R13, 1, 0
0x078C	0xD7FE      	BRA         L_function22
0x078E	0x2E0C      	DECFSZ      R12, 1, 0
0x0790	0xD7FC      	BRA         L_function22
0x0792	0x0000      	NOP
;MCU Slave.c,69 :: 		LATD.B2 = 0;
0x0794	0x948C      	BCF         LATD, 2 
;MCU Slave.c,70 :: 		delay_ms(2);
0x0796	0x0E0B      	MOVLW       11
0x0798	0x6E0C      	MOVWF       R12, 0
0x079A	0x0E62      	MOVLW       98
0x079C	0x6E0D      	MOVWF       R13, 0
L_function23:
0x079E	0x2E0D      	DECFSZ      R13, 1, 0
0x07A0	0xD7FE      	BRA         L_function23
0x07A2	0x2E0C      	DECFSZ      R12, 1, 0
0x07A4	0xD7FC      	BRA         L_function23
0x07A6	0x0000      	NOP
;MCU Slave.c,71 :: 		}
L_end_function:
0x07A8	0x0012      	RETURN      0
; end of _function
_average_table_G1:
;MCU Slave.c,73 :: 		void average_table_G1(){
;MCU Slave.c,74 :: 		LATD.B5 = 1;
0x07AA	0x8A8C      	BSF         LATD, 5 
;MCU Slave.c,75 :: 		delay_ms(1);
0x07AC	0x0E06      	MOVLW       6
0x07AE	0x6E0C      	MOVWF       R12, 0
0x07B0	0x0E30      	MOVLW       48
0x07B2	0x6E0D      	MOVWF       R13, 0
L_average_table_G124:
0x07B4	0x2E0D      	DECFSZ      R13, 1, 0
0x07B6	0xD7FE      	BRA         L_average_table_G124
0x07B8	0x2E0C      	DECFSZ      R12, 1, 0
0x07BA	0xD7FC      	BRA         L_average_table_G124
0x07BC	0x0000      	NOP
;MCU Slave.c,76 :: 		for(counter = 1; counter <= 5; counter++){
0x07BE	0x0E01      	MOVLW       1
0x07C0	0x6E15      	MOVWF       _counter 
L_average_table_G125:
0x07C2	0x0E80      	MOVLW       128
0x07C4	0x0A05      	XORLW       5
0x07C6	0x6E00      	MOVWF       R0 
0x07C8	0x0E80      	MOVLW       128
0x07CA	0x1815      	XORWF       _counter, 0 
0x07CC	0x5C00      	SUBWF       R0, 0 
0x07CE	0xE324      	BNC         L_average_table_G126
;MCU Slave.c,77 :: 		if(Adc_Read(counter) < adc_average[0]){
0x07D0	0xF04BC015  	MOVFF       _counter, FARG_ADC_Read_channel
0x07D4	0xDDC3      	RCALL       _ADC_Read
0x07D6	0x5044      	MOVF        _adc_average+1, 0 
0x07D8	0x5C01      	SUBWF       R1, 0 
0x07DA	0xE102      	BNZ         L__average_table_G166
0x07DC	0x5043      	MOVF        _adc_average, 0 
0x07DE	0x5C00      	SUBWF       R0, 0 
L__average_table_G166:
0x07E0	0xE219      	BC          L_average_table_G128
;MCU Slave.c,78 :: 		if(UART2_Tx_idle() == 1){
0x07E2	0xDDB1      	RCALL       _UART2_Tx_Idle
0x07E4	0x5000      	MOVF        R0, 0 
0x07E6	0x0A01      	XORLW       1
0x07E8	0xE10D      	BNZ         L_average_table_G129
;MCU Slave.c,79 :: 		UART2_Write(keycode[counter]);
0x07EA	0x0E1A      	MOVLW       _keycode
0x07EC	0x6EE9      	MOVWF       FSR0L 
0x07EE	0x0E00      	MOVLW       hi_addr(_keycode)
0x07F0	0x6EEA      	MOVWF       FSR0H 
0x07F2	0x5015      	MOVF        _counter, 0 
0x07F4	0x26E9      	ADDWF       FSR0L, 1 
0x07F6	0x0E00      	MOVLW       0
0x07F8	0xBE15      	BTFSC       _counter, 7 
0x07FA	0x0EFF      	MOVLW       255
0x07FC	0x22EA      	ADDWFC      FSR0H, 1 
0x07FE	0xF04BCFEE  	MOVFF       POSTINC0, FARG_UART2_Write_data_
0x0802	0xDDA6      	RCALL       _UART2_Write
;MCU Slave.c,80 :: 		}
L_average_table_G129:
;MCU Slave.c,81 :: 		delay_us(5500);
0x0804	0x0E1D      	MOVLW       29
0x0806	0x6E0C      	MOVWF       R12, 0
0x0808	0x0E91      	MOVLW       145
0x080A	0x6E0D      	MOVWF       R13, 0
L_average_table_G130:
0x080C	0x2E0D      	DECFSZ      R13, 1, 0
0x080E	0xD7FE      	BRA         L_average_table_G130
0x0810	0x2E0C      	DECFSZ      R12, 1, 0
0x0812	0xD7FC      	BRA         L_average_table_G130
;MCU Slave.c,82 :: 		}
L_average_table_G128:
;MCU Slave.c,76 :: 		for(counter = 1; counter <= 5; counter++){
0x0814	0x2A15      	INCF        _counter, 1 
;MCU Slave.c,83 :: 		}
0x0816	0xD7D5      	BRA         L_average_table_G125
L_average_table_G126:
;MCU Slave.c,84 :: 		delay_ms(1);
0x0818	0x0E06      	MOVLW       6
0x081A	0x6E0C      	MOVWF       R12, 0
0x081C	0x0E30      	MOVLW       48
0x081E	0x6E0D      	MOVWF       R13, 0
L_average_table_G131:
0x0820	0x2E0D      	DECFSZ      R13, 1, 0
0x0822	0xD7FE      	BRA         L_average_table_G131
0x0824	0x2E0C      	DECFSZ      R12, 1, 0
0x0826	0xD7FC      	BRA         L_average_table_G131
0x0828	0x0000      	NOP
;MCU Slave.c,85 :: 		LATD.B5 = 0;
0x082A	0x9A8C      	BCF         LATD, 5 
;MCU Slave.c,86 :: 		delay_ms(1);
0x082C	0x0E06      	MOVLW       6
0x082E	0x6E0C      	MOVWF       R12, 0
0x0830	0x0E30      	MOVLW       48
0x0832	0x6E0D      	MOVWF       R13, 0
L_average_table_G132:
0x0834	0x2E0D      	DECFSZ      R13, 1, 0
0x0836	0xD7FE      	BRA         L_average_table_G132
0x0838	0x2E0C      	DECFSZ      R12, 1, 0
0x083A	0xD7FC      	BRA         L_average_table_G132
0x083C	0x0000      	NOP
;MCU Slave.c,87 :: 		}
L_end_average_table_G1:
0x083E	0x0012      	RETURN      0
; end of _average_table_G1
_average_table_G2:
;MCU Slave.c,89 :: 		void average_table_G2(){
;MCU Slave.c,90 :: 		LATD.B4 = 1;
0x0840	0x888C      	BSF         LATD, 4 
;MCU Slave.c,91 :: 		delay_ms(1);
0x0842	0x0E06      	MOVLW       6
0x0844	0x6E0C      	MOVWF       R12, 0
0x0846	0x0E30      	MOVLW       48
0x0848	0x6E0D      	MOVWF       R13, 0
L_average_table_G233:
0x084A	0x2E0D      	DECFSZ      R13, 1, 0
0x084C	0xD7FE      	BRA         L_average_table_G233
0x084E	0x2E0C      	DECFSZ      R12, 1, 0
0x0850	0xD7FC      	BRA         L_average_table_G233
0x0852	0x0000      	NOP
;MCU Slave.c,92 :: 		for(counter = 6; counter <= 10; counter++){
0x0854	0x0E06      	MOVLW       6
0x0856	0x6E15      	MOVWF       _counter 
L_average_table_G234:
0x0858	0x0E80      	MOVLW       128
0x085A	0x0A0A      	XORLW       10
0x085C	0x6E00      	MOVWF       R0 
0x085E	0x0E80      	MOVLW       128
0x0860	0x1815      	XORWF       _counter, 0 
0x0862	0x5C00      	SUBWF       R0, 0 
0x0864	0xE324      	BNC         L_average_table_G235
;MCU Slave.c,93 :: 		if(Adc_Read(counter) < adc_average[1]){
0x0866	0xF04BC015  	MOVFF       _counter, FARG_ADC_Read_channel
0x086A	0xDD78      	RCALL       _ADC_Read
0x086C	0x5046      	MOVF        _adc_average+3, 0 
0x086E	0x5C01      	SUBWF       R1, 0 
0x0870	0xE102      	BNZ         L__average_table_G268
0x0872	0x5045      	MOVF        _adc_average+2, 0 
0x0874	0x5C00      	SUBWF       R0, 0 
L__average_table_G268:
0x0876	0xE219      	BC          L_average_table_G237
;MCU Slave.c,94 :: 		if(UART2_Tx_idle() == 1){
0x0878	0xDD66      	RCALL       _UART2_Tx_Idle
0x087A	0x5000      	MOVF        R0, 0 
0x087C	0x0A01      	XORLW       1
0x087E	0xE10D      	BNZ         L_average_table_G238
;MCU Slave.c,95 :: 		UART2_Write(keycode[counter]);
0x0880	0x0E1A      	MOVLW       _keycode
0x0882	0x6EE9      	MOVWF       FSR0L 
0x0884	0x0E00      	MOVLW       hi_addr(_keycode)
0x0886	0x6EEA      	MOVWF       FSR0H 
0x0888	0x5015      	MOVF        _counter, 0 
0x088A	0x26E9      	ADDWF       FSR0L, 1 
0x088C	0x0E00      	MOVLW       0
0x088E	0xBE15      	BTFSC       _counter, 7 
0x0890	0x0EFF      	MOVLW       255
0x0892	0x22EA      	ADDWFC      FSR0H, 1 
0x0894	0xF04BCFEE  	MOVFF       POSTINC0, FARG_UART2_Write_data_
0x0898	0xDD5B      	RCALL       _UART2_Write
;MCU Slave.c,96 :: 		}
L_average_table_G238:
;MCU Slave.c,97 :: 		delay_us(5500);
0x089A	0x0E1D      	MOVLW       29
0x089C	0x6E0C      	MOVWF       R12, 0
0x089E	0x0E91      	MOVLW       145
0x08A0	0x6E0D      	MOVWF       R13, 0
L_average_table_G239:
0x08A2	0x2E0D      	DECFSZ      R13, 1, 0
0x08A4	0xD7FE      	BRA         L_average_table_G239
0x08A6	0x2E0C      	DECFSZ      R12, 1, 0
0x08A8	0xD7FC      	BRA         L_average_table_G239
;MCU Slave.c,98 :: 		}
L_average_table_G237:
;MCU Slave.c,92 :: 		for(counter = 6; counter <= 10; counter++){
0x08AA	0x2A15      	INCF        _counter, 1 
;MCU Slave.c,99 :: 		}
0x08AC	0xD7D5      	BRA         L_average_table_G234
L_average_table_G235:
;MCU Slave.c,100 :: 		delay_ms(1);
0x08AE	0x0E06      	MOVLW       6
0x08B0	0x6E0C      	MOVWF       R12, 0
0x08B2	0x0E30      	MOVLW       48
0x08B4	0x6E0D      	MOVWF       R13, 0
L_average_table_G240:
0x08B6	0x2E0D      	DECFSZ      R13, 1, 0
0x08B8	0xD7FE      	BRA         L_average_table_G240
0x08BA	0x2E0C      	DECFSZ      R12, 1, 0
0x08BC	0xD7FC      	BRA         L_average_table_G240
0x08BE	0x0000      	NOP
;MCU Slave.c,101 :: 		LATD.B4 = 0;
0x08C0	0x988C      	BCF         LATD, 4 
;MCU Slave.c,102 :: 		delay_ms(1);
0x08C2	0x0E06      	MOVLW       6
0x08C4	0x6E0C      	MOVWF       R12, 0
0x08C6	0x0E30      	MOVLW       48
0x08C8	0x6E0D      	MOVWF       R13, 0
L_average_table_G241:
0x08CA	0x2E0D      	DECFSZ      R13, 1, 0
0x08CC	0xD7FE      	BRA         L_average_table_G241
0x08CE	0x2E0C      	DECFSZ      R12, 1, 0
0x08D0	0xD7FC      	BRA         L_average_table_G241
0x08D2	0x0000      	NOP
;MCU Slave.c,103 :: 		}
L_end_average_table_G2:
0x08D4	0x0012      	RETURN      0
; end of _average_table_G2
_average_table_G3:
;MCU Slave.c,105 :: 		void average_table_G3(){
;MCU Slave.c,106 :: 		LATD.B3 = 1;
0x08D6	0x868C      	BSF         LATD, 3 
;MCU Slave.c,107 :: 		delay_ms(1);
0x08D8	0x0E06      	MOVLW       6
0x08DA	0x6E0C      	MOVWF       R12, 0
0x08DC	0x0E30      	MOVLW       48
0x08DE	0x6E0D      	MOVWF       R13, 0
L_average_table_G342:
0x08E0	0x2E0D      	DECFSZ      R13, 1, 0
0x08E2	0xD7FE      	BRA         L_average_table_G342
0x08E4	0x2E0C      	DECFSZ      R12, 1, 0
0x08E6	0xD7FC      	BRA         L_average_table_G342
0x08E8	0x0000      	NOP
;MCU Slave.c,108 :: 		for(counter = 11; counter <= 15; counter++){
0x08EA	0x0E0B      	MOVLW       11
0x08EC	0x6E15      	MOVWF       _counter 
L_average_table_G343:
0x08EE	0x0E80      	MOVLW       128
0x08F0	0x0A0F      	XORLW       15
0x08F2	0x6E00      	MOVWF       R0 
0x08F4	0x0E80      	MOVLW       128
0x08F6	0x1815      	XORWF       _counter, 0 
0x08F8	0x5C00      	SUBWF       R0, 0 
0x08FA	0xE324      	BNC         L_average_table_G344
;MCU Slave.c,109 :: 		if(Adc_Read(counter) < adc_average[2]){
0x08FC	0xF04BC015  	MOVFF       _counter, FARG_ADC_Read_channel
0x0900	0xDD2D      	RCALL       _ADC_Read
0x0902	0x5048      	MOVF        _adc_average+5, 0 
0x0904	0x5C01      	SUBWF       R1, 0 
0x0906	0xE102      	BNZ         L__average_table_G370
0x0908	0x5047      	MOVF        _adc_average+4, 0 
0x090A	0x5C00      	SUBWF       R0, 0 
L__average_table_G370:
0x090C	0xE219      	BC          L_average_table_G346
;MCU Slave.c,110 :: 		if(UART2_Tx_idle() == 1){
0x090E	0xDD1B      	RCALL       _UART2_Tx_Idle
0x0910	0x5000      	MOVF        R0, 0 
0x0912	0x0A01      	XORLW       1
0x0914	0xE10D      	BNZ         L_average_table_G347
;MCU Slave.c,111 :: 		UART2_Write(keycode[counter]);
0x0916	0x0E1A      	MOVLW       _keycode
0x0918	0x6EE9      	MOVWF       FSR0L 
0x091A	0x0E00      	MOVLW       hi_addr(_keycode)
0x091C	0x6EEA      	MOVWF       FSR0H 
0x091E	0x5015      	MOVF        _counter, 0 
0x0920	0x26E9      	ADDWF       FSR0L, 1 
0x0922	0x0E00      	MOVLW       0
0x0924	0xBE15      	BTFSC       _counter, 7 
0x0926	0x0EFF      	MOVLW       255
0x0928	0x22EA      	ADDWFC      FSR0H, 1 
0x092A	0xF04BCFEE  	MOVFF       POSTINC0, FARG_UART2_Write_data_
0x092E	0xDD10      	RCALL       _UART2_Write
;MCU Slave.c,112 :: 		}
L_average_table_G347:
;MCU Slave.c,113 :: 		delay_us(5500);
0x0930	0x0E1D      	MOVLW       29
0x0932	0x6E0C      	MOVWF       R12, 0
0x0934	0x0E91      	MOVLW       145
0x0936	0x6E0D      	MOVWF       R13, 0
L_average_table_G348:
0x0938	0x2E0D      	DECFSZ      R13, 1, 0
0x093A	0xD7FE      	BRA         L_average_table_G348
0x093C	0x2E0C      	DECFSZ      R12, 1, 0
0x093E	0xD7FC      	BRA         L_average_table_G348
;MCU Slave.c,114 :: 		}
L_average_table_G346:
;MCU Slave.c,108 :: 		for(counter = 11; counter <= 15; counter++){
0x0940	0x2A15      	INCF        _counter, 1 
;MCU Slave.c,115 :: 		}
0x0942	0xD7D5      	BRA         L_average_table_G343
L_average_table_G344:
;MCU Slave.c,116 :: 		delay_ms(1);
0x0944	0x0E06      	MOVLW       6
0x0946	0x6E0C      	MOVWF       R12, 0
0x0948	0x0E30      	MOVLW       48
0x094A	0x6E0D      	MOVWF       R13, 0
L_average_table_G349:
0x094C	0x2E0D      	DECFSZ      R13, 1, 0
0x094E	0xD7FE      	BRA         L_average_table_G349
0x0950	0x2E0C      	DECFSZ      R12, 1, 0
0x0952	0xD7FC      	BRA         L_average_table_G349
0x0954	0x0000      	NOP
;MCU Slave.c,117 :: 		LATD.B3 = 0;
0x0956	0x968C      	BCF         LATD, 3 
;MCU Slave.c,118 :: 		delay_ms(1);
0x0958	0x0E06      	MOVLW       6
0x095A	0x6E0C      	MOVWF       R12, 0
0x095C	0x0E30      	MOVLW       48
0x095E	0x6E0D      	MOVWF       R13, 0
L_average_table_G350:
0x0960	0x2E0D      	DECFSZ      R13, 1, 0
0x0962	0xD7FE      	BRA         L_average_table_G350
0x0964	0x2E0C      	DECFSZ      R12, 1, 0
0x0966	0xD7FC      	BRA         L_average_table_G350
0x0968	0x0000      	NOP
;MCU Slave.c,119 :: 		}
L_end_average_table_G3:
0x096A	0x0012      	RETURN      0
; end of _average_table_G3
_average_table_G4:
;MCU Slave.c,121 :: 		void average_table_G4(){
;MCU Slave.c,122 :: 		LATD.B2 = 1;
0x096C	0x848C      	BSF         LATD, 2 
;MCU Slave.c,123 :: 		delay_ms(1);
0x096E	0x0E06      	MOVLW       6
0x0970	0x6E0C      	MOVWF       R12, 0
0x0972	0x0E30      	MOVLW       48
0x0974	0x6E0D      	MOVWF       R13, 0
L_average_table_G451:
0x0976	0x2E0D      	DECFSZ      R13, 1, 0
0x0978	0xD7FE      	BRA         L_average_table_G451
0x097A	0x2E0C      	DECFSZ      R12, 1, 0
0x097C	0xD7FC      	BRA         L_average_table_G451
0x097E	0x0000      	NOP
;MCU Slave.c,124 :: 		for(counter = 16; counter <= 20; counter++){
0x0980	0x0E10      	MOVLW       16
0x0982	0x6E15      	MOVWF       _counter 
L_average_table_G452:
0x0984	0x0E80      	MOVLW       128
0x0986	0x0A14      	XORLW       20
0x0988	0x6E00      	MOVWF       R0 
0x098A	0x0E80      	MOVLW       128
0x098C	0x1815      	XORWF       _counter, 0 
0x098E	0x5C00      	SUBWF       R0, 0 
0x0990	0xE324      	BNC         L_average_table_G453
;MCU Slave.c,125 :: 		if(Adc_Read(counter) < adc_average[1]){
0x0992	0xF04BC015  	MOVFF       _counter, FARG_ADC_Read_channel
0x0996	0xDCE2      	RCALL       _ADC_Read
0x0998	0x5046      	MOVF        _adc_average+3, 0 
0x099A	0x5C01      	SUBWF       R1, 0 
0x099C	0xE102      	BNZ         L__average_table_G472
0x099E	0x5045      	MOVF        _adc_average+2, 0 
0x09A0	0x5C00      	SUBWF       R0, 0 
L__average_table_G472:
0x09A2	0xE219      	BC          L_average_table_G455
;MCU Slave.c,126 :: 		if(UART2_Tx_idle() == 1){
0x09A4	0xDCD0      	RCALL       _UART2_Tx_Idle
0x09A6	0x5000      	MOVF        R0, 0 
0x09A8	0x0A01      	XORLW       1
0x09AA	0xE10D      	BNZ         L_average_table_G456
;MCU Slave.c,127 :: 		UART2_Write(keycode[counter]);
0x09AC	0x0E1A      	MOVLW       _keycode
0x09AE	0x6EE9      	MOVWF       FSR0L 
0x09B0	0x0E00      	MOVLW       hi_addr(_keycode)
0x09B2	0x6EEA      	MOVWF       FSR0H 
0x09B4	0x5015      	MOVF        _counter, 0 
0x09B6	0x26E9      	ADDWF       FSR0L, 1 
0x09B8	0x0E00      	MOVLW       0
0x09BA	0xBE15      	BTFSC       _counter, 7 
0x09BC	0x0EFF      	MOVLW       255
0x09BE	0x22EA      	ADDWFC      FSR0H, 1 
0x09C0	0xF04BCFEE  	MOVFF       POSTINC0, FARG_UART2_Write_data_
0x09C4	0xDCC5      	RCALL       _UART2_Write
;MCU Slave.c,128 :: 		}
L_average_table_G456:
;MCU Slave.c,129 :: 		delay_us(5500);
0x09C6	0x0E1D      	MOVLW       29
0x09C8	0x6E0C      	MOVWF       R12, 0
0x09CA	0x0E91      	MOVLW       145
0x09CC	0x6E0D      	MOVWF       R13, 0
L_average_table_G457:
0x09CE	0x2E0D      	DECFSZ      R13, 1, 0
0x09D0	0xD7FE      	BRA         L_average_table_G457
0x09D2	0x2E0C      	DECFSZ      R12, 1, 0
0x09D4	0xD7FC      	BRA         L_average_table_G457
;MCU Slave.c,130 :: 		}
L_average_table_G455:
;MCU Slave.c,124 :: 		for(counter = 16; counter <= 20; counter++){
0x09D6	0x2A15      	INCF        _counter, 1 
;MCU Slave.c,131 :: 		}
0x09D8	0xD7D5      	BRA         L_average_table_G452
L_average_table_G453:
;MCU Slave.c,132 :: 		delay_ms(1);
0x09DA	0x0E06      	MOVLW       6
0x09DC	0x6E0C      	MOVWF       R12, 0
0x09DE	0x0E30      	MOVLW       48
0x09E0	0x6E0D      	MOVWF       R13, 0
L_average_table_G458:
0x09E2	0x2E0D      	DECFSZ      R13, 1, 0
0x09E4	0xD7FE      	BRA         L_average_table_G458
0x09E6	0x2E0C      	DECFSZ      R12, 1, 0
0x09E8	0xD7FC      	BRA         L_average_table_G458
0x09EA	0x0000      	NOP
;MCU Slave.c,133 :: 		LATD.B2 = 0;
0x09EC	0x948C      	BCF         LATD, 2 
;MCU Slave.c,134 :: 		delay_ms(1);
0x09EE	0x0E06      	MOVLW       6
0x09F0	0x6E0C      	MOVWF       R12, 0
0x09F2	0x0E30      	MOVLW       48
0x09F4	0x6E0D      	MOVWF       R13, 0
L_average_table_G459:
0x09F6	0x2E0D      	DECFSZ      R13, 1, 0
0x09F8	0xD7FE      	BRA         L_average_table_G459
0x09FA	0x2E0C      	DECFSZ      R12, 1, 0
0x09FC	0xD7FC      	BRA         L_average_table_G459
0x09FE	0x0000      	NOP
;MCU Slave.c,135 :: 		}
L_end_average_table_G4:
0x0A00	0x0012      	RETURN      0
; end of _average_table_G4
_main:
0x0A02	0xF005EC2E  	CALL        2652, 0
;MCU Slave.c,137 :: 		void main(){
;MCU Slave.c,138 :: 		initconfig();
0x0A06	0xDD89      	RCALL       _initconfig
;MCU Slave.c,139 :: 		Adc_Init();
0x0A08	0xDD47      	RCALL       _ADC_Init
;MCU Slave.c,140 :: 		UART2_Init(9600);
0x0A0A	0x8670      	BSF         BAUDCON2, 3, 0
0x0A0C	0x0E01      	MOVLW       1
0x0A0E	0x6E76      	MOVWF       SPBRGH2 
0x0A10	0x0EA0      	MOVLW       160
0x0A12	0x6E75      	MOVWF       SPBRG2 
0x0A14	0x8472      	BSF         TXSTA2, 2, 0
0x0A16	0xDD4E      	RCALL       _UART2_Init
;MCU Slave.c,141 :: 		function();
0x0A18	0xDD9B      	RCALL       _function
;MCU Slave.c,142 :: 		delay_ms(500);
0x0A1A	0x0E0B      	MOVLW       11
0x0A1C	0x6E0B      	MOVWF       R11, 0
0x0A1E	0x0E26      	MOVLW       38
0x0A20	0x6E0C      	MOVWF       R12, 0
0x0A22	0x0E5D      	MOVLW       93
0x0A24	0x6E0D      	MOVWF       R13, 0
L_main60:
0x0A26	0x2E0D      	DECFSZ      R13, 1, 0
0x0A28	0xD7FE      	BRA         L_main60
0x0A2A	0x2E0C      	DECFSZ      R12, 1, 0
0x0A2C	0xD7FC      	BRA         L_main60
0x0A2E	0x2E0B      	DECFSZ      R11, 1, 0
0x0A30	0xD7FA      	BRA         L_main60
0x0A32	0x0000      	NOP
0x0A34	0x0000      	NOP
;MCU Slave.c,144 :: 		while(1){
L_main61:
;MCU Slave.c,145 :: 		average_table_G1();
0x0A36	0xDEB9      	RCALL       _average_table_G1
;MCU Slave.c,146 :: 		average_table_G2();
0x0A38	0xDF03      	RCALL       _average_table_G2
;MCU Slave.c,147 :: 		average_table_G3();
0x0A3A	0xDF4D      	RCALL       _average_table_G3
;MCU Slave.c,148 :: 		average_table_G4();
0x0A3C	0xDF97      	RCALL       _average_table_G4
;MCU Slave.c,149 :: 		}
0x0A3E	0xD7FB      	BRA         L_main61
;MCU Slave.c,150 :: 		}
L_end_main:
0x0A40	0xD7FF      	BRA         $+0
; end of _main
0x0A5C	0xF015EE10  	LFSR        1, 21
0x0A60	0x0E1A      	MOVLW       26
0x0A62	0x6E00      	MOVWF       R0 
0x0A64	0x0E01      	MOVLW       1
0x0A66	0x6E01      	MOVWF       R1 
0x0A68	0x0E42      	MOVLW       66
0x0A6A	0x6EF6      	MOVWF       4086 
0x0A6C	0x0E0A      	MOVLW       10
0x0A6E	0x6EF7      	MOVWF       TBLPTRH 
0x0A70	0x0E00      	MOVLW       0
0x0A72	0x6EF8      	MOVWF       TBLPTRU 
0x0A74	0xF002EC85  	CALL        1290, 0
0x0A78	0x0012      	RETURN      0
;MCU Slave.c,0 :: ?ICS_counter
0x0A42	0x01 ;?ICS_counter+0
; end of ?ICS_counter
;MCU Slave.c,0 :: ?ICS_percent
0x0A43	0x0000 ;?ICS_percent+0
0x0A45	0x7E00 ;?ICS_percent+2
; end of ?ICS_percent
;MCU Slave.c,0 :: ?ICS_keycode
0x0A47	0x5900 ;?ICS_keycode+0
0x0A49	0x5B5A ;?ICS_keycode+2
0x0A4B	0x5657 ;?ICS_keycode+4
0x0A4D	0x5D5C ;?ICS_keycode+6
0x0A4F	0x555E ;?ICS_keycode+8
0x0A51	0x5F46 ;?ICS_keycode+10
0x0A53	0x6160 ;?ICS_keycode+12
0x0A55	0x5852 ;?ICS_keycode+14
0x0A57	0x622A ;?ICS_keycode+16
0x0A59	0x5150 ;?ICS_keycode+18
0x0A5B	0x4F ;?ICS_keycode+20
; end of ?ICS_keycode
Symbol List:
//** Routines locations **
//ADDRESS    SIZE    PROCEDURE
//----------------------------------------------
0x001C       [8]    _FIXSIGN32
0x0024      [26]    _SETFUN32
0x003E      [14]    _RES032
0x004C      [88]    _Div_16x16_S_L
0x00A4      [24]    _SETFOV32
0x00BC     [114]    _NRM3232
0x012E      [28]    _SETIOV3224
0x014A      [10]    _Delay_22us
0x0154     [288]    _Mul_32x32_FP
0x0274     [210]    _Double2Int
0x0346      [10]    _UART2_Tx_Idle
0x0350      [12]    _UART2_Write
0x035C      [54]    _ADC_Read
0x0392     [198]    _Div_16x16_S
0x0458      [64]    _Int2Double
0x0498      [28]    _ADC_Init
0x04B4      [86]    _UART2_Init
0x050A      [16]    ___CC2DW
0x051A      [54]    _initconfig
0x0550     [602]    _function
0x07AA     [150]    _average_table_G1
0x0840     [150]    _average_table_G2
0x08D6     [150]    _average_table_G3
0x096C     [150]    _average_table_G4
0x0A02      [64]    _main
//** Variables locations ** 
//ADDRESS    SIZE    VARIABLE
//----------------------------------------------
0x0000       [1]    UART1_Init_tmp_L0
0x0000       [1]    FLASH_Erase_64_SaveINTCON_L0
0x0000       [1]    R0
0x0000       [1]    EEPROM_Write_SaveINTCON_L0
0x0000       [1]    __Lib_SoftI2C_PutZerosToLATSda_temp_sda_L0
0x0000       [1]    __Lib_SoftI2C_PutZerosToLATScl_temp_scl_L0
0x0000       [1]    UART2_Init_tmp_L0
0x0000       [1]    SPI2_Write_tmp_L0
0x0000       [1]    SPI1_Write_tmp_L0
0x0001       [1]    __Lib_PS2_Wait_Falling_nsample_L0
0x0001       [1]    I2C2_Rd_tmp_L0
0x0001       [1]    UART1_Read___tmp_UART1_Read_L0
0x0001       [1]    I2C1_Rd_tmp_L0
0x0001       [1]    ispunct_rslt_L0
0x0001       [1]    __Lib_TFT_JPEG_FileReadBytes_Result_L0
0x0001       [1]    UART2_Read___tmp_UART2_Read_L0
0x0001       [1]    FLASH_Erase_Write_64_i_L0
0x0001       [2]    FLASH_Read_N_Bytes_i_L0
0x0001       [1]    __Lib_TFT_16bit_JPEG_FileRead_i_L0
0x0001       [1]    __Lib_TFT_JPEG_FileRead_i_L0
0x0001       [1]    __Lib_TFT_16bit_JPEG_FileReadBytes_Result_L0
0x0001       [1]    FLASH_Write_64_i_L0
0x0001       [1]    R1
0x0002       [1]    R2
0x0002       [2]    memcpy_dd_L0
0x0002       [2]    memchr_s_L0
0x0002       [2]    strlen_cp_L0
0x0002       [1]    FLASH_Erase_Write_64_j_L0
0x0002       [1]    FLASH_Write_64_SaveINTCON_L0
0x0002       [2]    memset_pp_L0
0x0003       [1]    FLASH_Erase_Write_64_SaveINTCON_L0
0x0003       [1]    MM_Init_i_L0
0x0003       [2]    memmove_tt_L0
0x0003       [1]    R3
0x0003       [2]    MM_TotalFreeMemSize_Tot_L0
0x0003       [2]    Ltrim_original_L0
0x0003       [2]    __Lib_MmcFat16_f16_toInt_l_L0
0x0004       [2]    frexp_pom_L0
0x0004       [2]    memcpy_ss_L0
0x0004       [2]    strncat_cp_L0
0x0004       [2]    strcpy_cp_L0
0x0004       [1]    R4
0x0004       [2]    __Lib_MemManager_MM_GetMemAlign_P_L0
0x0004       [2]    strncpy_cp_L0
0x0004       [2]    strcat_cp_L0
0x0005       [2]    memmove_ff_L0
0x0005       [1]    MM_TotalFreeMemSize_i_L0
0x0005       [2]    Ltrim_p_L0
0x0005       [1]    R5
0x0005       [2]    LongWordToHex_input_half_L0
0x0005       [2]    LongIntToHex_input_half_L0
0x0006       [1]    R6
0x0006       [1]    __Lib_MemManager_MM_GetMemAlign_i_L0
0x0007       [1]    __Lib_TFT_16bit_JPEG_GenerateHuffmanTables_bLength_L0
0x0007       [1]    R7
0x0007       [1]    __Lib_TFT_JPEG_GenerateHuffmanTables_bLength_L0
0x0008       [1]    __Lib_TFT_JPEG_GenerateHuffmanTables_bTable_L0
0x0008       [1]    R8
0x0008       [1]    __Lib_TFT_16bit_JPEG_GenerateHuffmanTables_bTable_L0
0x0009       [1]    R9
0x0009       [4]    __Lib_MmcFat16_f16_toLong_l_L0
0x000A       [1]    R10
0x000B       [1]    R11
0x000C       [1]    R12
0x000D       [1]    R13
0x000E       [1]    R14
0x000F       [1]    R15
0x0010       [1]    R16
0x0011       [1]    R17
0x0012       [1]    R18
0x0013       [1]    R19
0x0014       [1]    R20
0x0015       [1]    _counter
0x0016       [4]    _percent
0x001A      [21]    _keycode
0x002F       [4]    _UART_Wr_Ptr
0x0033       [4]    _UART_Rd_Ptr
0x0037       [4]    _ADC_Get_Sample_Ptr
0x003B       [4]    _UART_Rdy_Ptr
0x003F       [4]    _UART_Tx_Idle_Ptr
0x0043       [8]    _adc_average
0x004B       [1]    FARG_UART2_Write_data_
0x004B       [1]    FARG_ADC_Read_channel
0x0F38       [1]    ANSELA
0x0F39       [1]    ANSELB
0x0F3A       [1]    ANSELC
0x0F3C       [1]    ANSELE
0x0F70       [1]    BAUDCON2
0x0F71       [1]    RCSTA2
0x0F72       [1]    TXSTA2
0x0F73       [1]    TXREG2
0x0F74       [1]    RCREG2
0x0F75       [1]    SPBRG2
0x0F76       [1]    SPBRGH2
0x0F89       [1]    LATA
0x0F8A       [1]    LATB
0x0F8B       [1]    LATC
0x0F8C       [1]    LATD
0x0F8D       [1]    LATE
0x0F92       [1]    TRISA
0x0F93       [1]    TRISB
0x0F94       [1]    TRISC
0x0F95       [0]    TRISD7_bit
0x0F95       [1]    TRISD
0x0F95       [0]    TRISD6_bit
0x0F96       [1]    TRISE
0x0FA4       [0]    RC2IF_bit
0x0FC0       [1]    ADCON2
0x0FC2       [1]    ADCON0
0x0FC3       [1]    ADRESL
0x0FC4       [1]    ADRESH
0x0FD3       [1]    OSCCON
0x0FD8       [1]    STATUS
0x0FD9       [1]    FSR2L
0x0FDA       [1]    FSR2H
0x0FDE       [1]    POSTINC2
0x0FE0       [1]    BSR
0x0FE1       [1]    FSR1L
0x0FE2       [1]    FSR1H
0x0FE4       [1]    PREINC1
0x0FE6       [1]    POSTINC1
0x0FE7       [1]    INDF1
0x0FE8       [1]    WREG
0x0FE9       [1]    FSR0L
0x0FEA       [1]    FSR0H
0x0FEE       [1]    POSTINC0
0x0FF3       [1]    PRODL
0x0FF4       [1]    PRODH
0x0FF5       [1]    TABLAT
0x0FF6       [1]    TBLPTRL
0x0FF7       [1]    TBLPTRH
0x0FF8       [1]    TBLPTRU
//** Constants locations ** 
//ADDRESS    SIZE    CONSTANT
//----------------------------------------------
0x0A42       [1]    ?ICS_counter
0x0A43       [4]    ?ICS_percent
0x0A47      [21]    ?ICS_keycode
//** Label List: ** 
//----------------------------------------------
  L_function0
  L_function1
  L_function2
  L_function3
  L_function4
  L_function5
  L_function6
  L_function7
  L_function8
  L_function9
  L_function10
  L_function11
  L_function12
  L_function13
  L_function14
  L_function15
  L_function16
  L_function17
  L_function18
  L_function19
  L_function20
  L_function21
  L_function22
  L_function23
  L_average_table_G124
  L_average_table_G125
  L_average_table_G126
  L_average_table_G127
  L_average_table_G128
  L_average_table_G129
  L_average_table_G130
  L_average_table_G131
  L_average_table_G132
  L_average_table_G233
  L_average_table_G234
  L_average_table_G235
  L_average_table_G236
  L_average_table_G237
  L_average_table_G238
  L_average_table_G239
  L_average_table_G240
  L_average_table_G241
  L_average_table_G342
  L_average_table_G343
  L_average_table_G344
  L_average_table_G345
  L_average_table_G346
  L_average_table_G347
  L_average_table_G348
  L_average_table_G349
  L_average_table_G350
  L_average_table_G451
  L_average_table_G452
  L_average_table_G453
  L_average_table_G454
  L_average_table_G455
  L_average_table_G456
  L_average_table_G457
  L_average_table_G458
  L_average_table_G459
  L_main60
  L_main61
  L_main62
  L_end_initconfig
  _initconfig
  L_end_function
  _function
  L_end_average_table_G1
  _average_table_G1
  L__average_table_G166
  L_end_average_table_G2
  _average_table_G2
  L__average_table_G268
  L_end_average_table_G3
  _average_table_G3
  L__average_table_G370
  L_end_average_table_G4
  _average_table_G4
  L__average_table_G472
  L_end_main
  _main
  L_ADC_Get_Sample0
  L_ADC_Get_Sample1
  L_ADC_Read2
  L_ADC_Read3
  L_end_ADC_Init
  _ADC_Init
  L_end_ADC_Get_Sample
  _ADC_Get_Sample
  L_end_ADC_Read
  _ADC_Read
  L_Delay_10us0
  L_Delay_22us1
  L_Delay_50us2
  L_Delay_80us3
  L_Delay_500us4
  L_Delay_5500us5
  L_Delay_1ms6
  L_Delay_5ms7
  L_Delay_8ms8
  L_Delay_100ms9
  L_Delay_10ms10
  L_Delay_1sec11
  L____Boot_Delay4k12
  L____Boot_Delay8k13
  L____Boot_Delay12k14
  L____Boot_Delay16k15
  L____Boot_Delay24k16
  L____Boot_Delay32k17
  L____Boot_Delay48k18
  L____Boot_Delay64k19
  L____Boot_Delay128k20
  L_Delay_Cyc21
  L_Delay_Cyc22
  L_VDelay_ms23
  L_VDelay_ms24
  L_VDelay_ms25
  L_VDelay_Advanced_ms26
  L_VDelay_Advanced_ms27
  L_VDelay_Advanced_ms28
  L_end_Get_Fosc_kHz
  _Get_Fosc_kHz
  L_end_Delay_1us
  _Delay_1us
  L_end_Delay_10us
  _Delay_10us
  L_end_Delay_22us
  _Delay_22us
  L_end_Delay_50us
  _Delay_50us
  L_end_Delay_80us
  _Delay_80us
  L_end_Delay_500us
  _Delay_500us
  L_end_Delay_5500us
  _Delay_5500us
  L_end_Delay_1ms
  _Delay_1ms
  L_end_Delay_5ms
  _Delay_5ms
  L_end_Delay_8ms
  _Delay_8ms
  L_end_Delay_100ms
  _Delay_100ms
  L_end_Delay_10ms
  _Delay_10ms
  L_end_Delay_1sec
  _Delay_1sec
  L_end____Boot_Delay4k
  ____Boot_Delay4k
  L_end____Boot_Delay8k
  ____Boot_Delay8k
  L_end____Boot_Delay12k
  ____Boot_Delay12k
  L_end____Boot_Delay16k
  ____Boot_Delay16k
  L_end____Boot_Delay24k
  ____Boot_Delay24k
  L_end____Boot_Delay32k
  ____Boot_Delay32k
  L_end____Boot_Delay48k
  ____Boot_Delay48k
  L_end____Boot_Delay64k
  ____Boot_Delay64k
  L_end____Boot_Delay128k
  ____Boot_Delay128k
  L_end_Delay_Cyc
  _Delay_Cyc
  L_end_VDelay_ms
  _VDelay_ms
  L__VDelay_ms54
  L__VDelay_ms55
  L__VDelay_ms56
  L_end_VDelay_Advanced_ms
  _VDelay_Advanced_ms
  L__VDelay_Advanced_ms58
  L__VDelay_Advanced_ms59
  L__VDelay_Advanced_ms60
  L_Div_16x16_S0
  L_Div_16x16_S1
  LOOPS3232A
  SADD22LA
  SOK22LA
  SADD22L8
  SOK22L8
  LOOPS3232B
  SADD22LB
  SOK22LB
  SADD22L16
  SOK22L16
  LOOPS3232C
  SADD22LC
  SOK22LC
  SADD22L24
  SOK22L24
  LOOPS3232D
  SADD22LD
  SOK22LD
  SOK22L
  L_Div_32x32_S6
  L_Div_32x32_S7
  L_Div_32x32_S8
  L_Div_32x32_S9
  FXD3232S
  END_ALL
  CA3232S
  C3232SX
  C3232SX1
  C3232S
  C3232S2
  C3232SX4
  C3232SOK
  C3232SX3
  C3232SX2
  avoid_comfrem
  LOOPU3232A
  UADD22LA
  UOK22LA
  UADD22L8
  UOK22L8
  LOOPU3232B
  UADD22LB
  UOK22LB
  UADD22L16
  UOK22L16
  LOOPU3232C
  UADD22LC
  UOK22LC
  UADD22L24
  UOK22L24
  LOOPU3232D
  UADD22LD
  UOK22LD
  UOK22L
  _NEXT
  _EXIT2
  _LOOP
  _EXIT1
  _IF_FIRST
  _IF_SECOND
  _INVERCE_FIRST
  _MULT
  _INBERSE_SECOND
  _EXIT
  L_end_Div_8x8_U
  _Div_8x8_U
  L_end_Div_16x16_U
  _Div_16x16_U
  L_end_Div_16x16_S_L
  _Div_16x16_S_L
  L_end_Div_16x16_S
  _Div_16x16_S
  L_end_Div_8x8_S
  _Div_8x8_S
  L_end_Mul_8x8_S
  _Mul_8x8_S
  L_end_Mul_16x16_U
  _Mul_16x16_U
  L_end_Mul_16x16_S
  _Mul_16x16_S
  L_end_SDIV3232L
  _SDIV3232L
  L_end_COMFREM
  _COMFREM
  L_end_Div_32x32_S
  _Div_32x32_S
  L_end_Div_32x32_U
  _Div_32x32_U
  L_end_Mul_32x32_U
  _Mul_32x32_U
  L_end_Mul_32x32_S
  _Mul_32x32_S
  SETFOV32EEE
  SETFUN32EEE
  NRMRND4032
  NRM40JPSETFOV32
  NRM4032
  NRM4032A
  TNIB4032
  NORM4032
  TNORMUN4032
  NRM40JPSETFUN32
  NRM40JPFIXSIGN32
  NRM4032B
  TNIB4032A
  NORM4032A
  NRM4032C
  TNIB4032B
  NORM4032B
  NRM40JPRES032
  TNIB4032C
  NORM4032C
  NRM40EEE
  NORM3232
  JPNRES032
  JPNSETFUN32
  NORM3232A
  JMPNFIXSIGN32
  NORM32EEE
  SETIOV3224EEE
  FPA32
  USEA32
  USEB32
  BRETURN32
  BLIGNED32
  BNIB32
  BNIB32A
  BNIB32B
  BNIB32C
  ADDEOK
  BLOOP32C
  BLOOP32B
  BLOOP32A
  BLOOP32
  AOK32
  BNE032
  ALIGNED32
  ANIB32
  ANIB32A
  ANIB32B
  ANIB32C
  ALOOP32C
  ALOOP32B
  ALOOP32A
  ALOOP32
  ACOMP32
  ADDJPNRMRND4032
  ADDJPSETFOV32
  ADDJPNRM4032
  ADDEEE
  FPS32
  FPM32
  MULJPRES032
  M32BNE0
  MTUN32
  MULJPSETFOV32
  MOK32
  MULJPSETFUN32
  MROUND32
  MUL32OK
  MULEEE
  L_Div_32x32_FP11
  L_Div_32x32_FP12
  L_Div_32x32_FP13
  L_Div_32x32_FP14
  FPD32
  JPDSETFDZ32
  JPDRES032
  D32BNE0
  TALIGN32
  TS1ALIGN32
  TS2ALIGN32
  DALIGN32OK
  ALTB32
  AGEB32
  JPDSETFOV32
  DARGOK32
  JPDSETFUN32
  DLOOP32
  DS132
  DS232
  DREST32
  DOK32
  DAREST32
  DROUND32
  DIV32OK
  DIV32EEE
  INT3232U
  INT3232UEOK
  SETEXP32U
  SETIOV32U
  TSHIFT3232U
  SHIFT3232UOK
  SHIFT3232U
  INT3232UOK
  JPLSETIOV3224
  IRES032U
  INT3232UEER
  INT3232UEEE
  INT3232
  INT3232EOK
  SETIOV32
  TSHIFT3232
  SHIFT3232OK
  SHIFT3232
  INT3232OK
  JPISETIOV3224
  IRES032
  INT3232EER
  INT3232EEE
  INT3216
  IRES016
  SETIOV16
  TSHIFT3216
  SHIFT3216OK
  SHIFT3216
  INT3216OK
  JPJSETIOV3224
  INT3216EOK
  INT3216EER
  INT3216EEE
  INT3216U
  IRES016U
  SETEXP16U
  SETIOV16U
  TSHIFT3216U
  SHIFT3216UOK
  SHIFT3216U
  INT3216UOK
  JPKSETIOV3224
  INT3216UEOK
  INT3216UEER
  INT3216UEEE
  INT32U08
  IRES008
  SETEXP08
  SETIOV08
  TSHIFT3208
  SHIFT3208OK
  SHIFT3208
  INT3208OK
  D2B_JPKSETIOV3224
  INT3208EOK
  INT3208EER
  INT3208EEE
  FLO08U32
  FLO1632
  FLO1632EEE
  FLO16U32
  FLO3232
  FLO3232EEE
  FLO32U32
  EQU_FALSE
  COMPARE_EQU
  COMPARE_NOTZERO
  COMPARE_XNOTZERO
  COMPARE_YNOTZERO
  COMPARE_LT
  COMPARE_GT
  COMPARE_TESTALL
  COMPARE_C1
  GT_FALSE
  GT_TRUE
  COMPARE_C2
  COMPARE_C3
  L_end_SETFOV32
  _SETFOV32
  L_end_SETFDZ32
  _SETFDZ32
  L_end_FIXSIGN32
  _FIXSIGN32
  L_end_RES032
  _RES032
  L_end_SETFUN32
  _SETFUN32
  L_end_NRM4032
  _NRM4032
  L_end_NRM3232
  _NRM3232
  L_end_SETIOV3224
  _SETIOV3224
  L_end_Add_32x32_FP
  _Add_32x32_FP
  L_end_Sub_32x32_FP
  _Sub_32x32_FP
  L_end_Mul_32x32_FP
  _Mul_32x32_FP
  L_end_Div_32x32_FP
  _Div_32x32_FP
  L_end_Double2Longword
  _Double2Longword
  L_end_Double2Longint
  _Double2Longint
  L_end_Double2Int
  _Double2Int
  L_end_Double2Word
  _Double2Word
  L_end_Double2Byte
  _Double2Byte
  L_end_Byte2Double
  _Byte2Double
  L_end_Int2Double
  _Int2Double
  L_end_Word2Double
  _Word2Double
  L_end_Longint2Double
  _Longint2Double
  L_end_Longword2Double
  _Longword2Double
  L_end_Equals_Double
  _Equals_Double
  L_end_Compare_Double
  _Compare_Double
  _CC2D_Loop1
  _CC2DL_Loop1
  L_loopCA2AWs
  L_loopCCA2AWs
  L_loopCS2Ss
  L_CS2Send
  L_loopCCS2Ss
  L_CCS2Send
  L_loopFZinSWs
  L_longjmp7
  L_end___CC2D
  ___CC2D
  L_end___CC2DW
  ___CC2DW
  L_end___CA2AW
  ___CA2AW
  L_end___CCA2AW
  ___CCA2AW
  L_end___CS2S
  ___CS2S
  L_end___CCS2S
  ___CCS2S
  L_end___FZinS
  ___FZinS
  L_end_____DoIFC
  _____DoIFC
  L_end_Swap
  _Swap
  L_end_setjmp
  _setjmp
  L_end_longjmp
  _longjmp
  L_UART1_Init0
  L_UART1_Init1
  L_UART1_Read2
  L_UART1_Write3
  L_UART1_Write4
  L_UART1_Write_Text5
  L_UART1_Write_Text6
  L_UART1_Read_Text7
  L_UART1_Read_Text8
  L_UART1_Read_Text9
  L_UART1_Read_Text10
  L_UART1_Read_Text11
  L_UART1_Read_Text12
  L_UART1_Read_Text13
  L_UART1_Read_Text14
  L_UART1_Read_Text15
  L_UART2_Init16
  L_UART2_Init17
  L_UART2_Read18
  L_UART2_Write19
  L_UART2_Write20
  L_UART2_Write_Text21
  L_UART2_Write_Text22
  L_UART2_Read_Text23
  L_UART2_Read_Text24
  L_UART2_Read_Text25
  L_UART2_Read_Text26
  L_UART2_Read_Text27
  L_UART2_Read_Text28
  L_UART2_Read_Text29
  L_UART2_Read_Text30
  L_UART2_Read_Text31
  L_UART_Write_Text32
  L_UART_Write_Text33
  L_UART_Read_Text34
  L_UART_Read_Text35
  L_UART_Read_Text36
  L_UART_Read_Text37
  L_UART_Read_Text38
  L_UART_Read_Text39
  L_UART_Read_Text40
  L_UART_Read_Text41
  L_UART_Read_Text42
  L_end_UART1_Init
  _UART1_Init
  L_end_UART1_Data_Ready
  _UART1_Data_Ready
  L_end_UART1_Read
  _UART1_Read
  L_end_UART1_Tx_Idle
  _UART1_Tx_Idle
  L_end_UART1_Write
  _UART1_Write
  L_end_UART1_Write_Text
  _UART1_Write_Text
  L_end_UART1_Read_Text
  _UART1_Read_Text
  L_end_UART2_Init
  _UART2_Init
  L_end_UART2_Data_Ready
  _UART2_Data_Ready
  L_end_UART2_Read
  _UART2_Read
  L_end_UART2_Tx_Idle
  _UART2_Tx_Idle
  L_end_UART2_Write
  _UART2_Write
  L_end_UART2_Write_Text
  _UART2_Write_Text
  L_end_UART2_Read_Text
  _UART2_Read_Text
  L_end_UART_Set_Active
  _UART_Set_Active
  L_end_UART_Write
  _UART_Write
  L_end_UART_Write_Text
  _UART_Write_Text
  L_end_UART_Read
  _UART_Read
  L_end_UART_Data_Ready
  _UART_Data_Ready
  L_end_UART_Read_Text
  _UART_Read_Text
  L_end_UART_Tx_Idle
  _UART_Tx_Idle
